Log file open, 10/25/23 10:14:35
LogWindows: Failed to load 'aqProf.dll' (GetLastError=126)
LogWindows: File 'aqProf.dll' does not exist
LogWindows: Failed to load 'VtuneApi.dll' (GetLastError=126)
LogWindows: File 'VtuneApi.dll' does not exist
LogWindows: Failed to load 'VtuneApi32e.dll' (GetLastError=126)
LogWindows: File 'VtuneApi32e.dll' does not exist
LogConsoleResponse: Display: Failed to find resolution value strings in scalability ini. Falling back to default.
LogConsoleResponse: Display: Failed to find resolution value strings in scalability ini. Falling back to default.
LogInit: Display: Running engine for game: Experiment
LogPlatformFile: Not using cached read wrapper
LogTaskGraph: Started task graph with 5 named threads and 59 total threads with 3 sets of task threads.
LogStats: Stats thread started at 0.258928
LogICUInternationalization: ICU TimeZone Detection - Raw Offset: -6:00, Platform Override: ''
LogInit: Display: Loading text-based GConfig....
LogPluginManager: Mounting plugin MeshPainting
LogPluginManager: Mounting plugin XGEController
LogPluginManager: Mounting plugin Paper2D
LogPluginManager: Mounting plugin LiveLink
LogPluginManager: Mounting plugin AISupport
LogPluginManager: Mounting plugin EnvironmentQueryEditor
LogPluginManager: Mounting plugin LightPropagationVolume
LogPluginManager: Mounting plugin CameraShakePreviewer
LogPluginManager: Mounting plugin GameplayCameras
LogPluginManager: Mounting plugin OodleNetwork
LogPluginManager: Mounting plugin AnimationSharing
LogPluginManager: Mounting plugin CLionSourceCodeAccess
LogPluginManager: Mounting plugin NullSourceCodeAccess
LogPluginManager: Mounting plugin GitSourceControl
LogPluginManager: Mounting plugin OodleData
LogPluginManager: Mounting plugin KDevelopSourceCodeAccess
LogPluginManager: Mounting plugin CodeLiteSourceCodeAccess
LogPluginManager: Mounting plugin PerforceSourceControl
LogPluginManager: Mounting plugin PluginUtils
LogPluginManager: Mounting plugin PixWinPlugin
LogPluginManager: Mounting plugin PropertyAccessNode
LogPluginManager: Mounting plugin SubversionSourceControl
LogPluginManager: Mounting plugin RiderSourceCodeAccess
LogPluginManager: Mounting plugin TextureFormatOodle
LogPluginManager: Mounting plugin PlasticSourceControl
LogPluginManager: Mounting plugin VisualStudioSourceCodeAccess
LogPluginManager: Mounting plugin XCodeSourceCodeAccess
LogPluginManager: Mounting plugin DatasmithContent
LogPluginManager: Mounting plugin UObjectPlugin
LogPluginManager: Mounting plugin VisualStudioCodeSourceCodeAccess
LogPluginManager: Mounting plugin VariantManagerContent
LogPluginManager: Mounting plugin AssetManagerEditor
LogPluginManager: Mounting plugin CryptoKeys
LogPluginManager: Mounting plugin CurveEditorTools
LogPluginManager: Mounting plugin DataValidation
LogPluginManager: Mounting plugin GameplayTagsEditor
LogPluginManager: Mounting plugin GeometryMode
LogPluginManager: Mounting plugin FacialAnimation
LogPluginManager: Mounting plugin MaterialAnalyzer
LogPluginManager: Mounting plugin MacGraphicsSwitching
LogPluginManager: Mounting plugin PluginBrowser
LogPluginManager: Mounting plugin MobileLauncherProfileWizard
LogPluginManager: Mounting plugin SpeedTreeImporter
LogPluginManager: Mounting plugin Niagara
LogPluginManager: Mounting plugin AutomationUtils
LogPluginManager: Mounting plugin AlembicImporter
LogPluginManager: Mounting plugin ChaosCloth
LogPluginManager: Mounting plugin BackChannel
LogPluginManager: Mounting plugin ChaosEditor
LogPluginManager: Mounting plugin ChaosClothEditor
LogPluginManager: Mounting plugin ChaosNiagara
LogPluginManager: Mounting plugin ChaosSolverPlugin
LogPluginManager: Mounting plugin CharacterAI
LogPluginManager: Mounting plugin GeometryCollectionPlugin
LogPluginManager: Mounting plugin GeometryProcessing
LogPluginManager: Mounting plugin GeometryCache
LogPluginManager: Mounting plugin MotoSynth
LogPluginManager: Mounting plugin OpenImageDenoise
LogPluginManager: Mounting plugin PlanarCut
LogPluginManager: Mounting plugin PlatformCrypto
LogPluginManager: Mounting plugin PythonScriptPlugin
LogPluginManager: Mounting plugin ProxyLODPlugin
LogPluginManager: Mounting plugin SkeletalReduction
LogPluginManager: Mounting plugin MagicLeap
LogPluginManager: Mounting plugin MagicLeapMedia
LogPluginManager: Mounting plugin LuminPlatformFeatures
LogPluginManager: Mounting plugin MagicLeapLightEstimation
LogPluginManager: Mounting plugin MagicLeapPassableWorld
LogPluginManager: Mounting plugin MLSDK
LogPluginManager: Mounting plugin AvfMedia
LogPluginManager: Mounting plugin AndroidMedia
LogPluginManager: Mounting plugin ImgMedia
LogPluginManager: Mounting plugin MediaCompositing
LogPluginManager: Mounting plugin WebMMedia
LogPluginManager: Mounting plugin MediaPlayerEditor
LogPluginManager: Mounting plugin WmfMedia
LogPluginManager: Mounting plugin TcpMessaging
LogPluginManager: Mounting plugin UdpMessaging
LogPluginManager: Mounting plugin ActorSequence
LogPluginManager: Mounting plugin MatineeToLevelSequence
LogPluginManager: Mounting plugin LevelSequenceEditor
LogPluginManager: Mounting plugin TemplateSequence
LogPluginManager: Mounting plugin OnlineSubsystem
LogPluginManager: Mounting plugin OnlineSubsystemNull
LogPluginManager: Mounting plugin OnlineSubsystemUtils
LogPluginManager: Mounting plugin LauncherChunkInstaller
LogPluginManager: Mounting plugin ActorLayerUtilities
LogPluginManager: Mounting plugin AndroidDeviceProfileSelector
LogPluginManager: Mounting plugin AndroidMoviePlayer
LogPluginManager: Mounting plugin AndroidPermission
LogPluginManager: Mounting plugin AppleImageUtils
LogPluginManager: Mounting plugin AppleMoviePlayer
LogPluginManager: Mounting plugin AudioCapture
LogPluginManager: Mounting plugin AssetTags
LogPluginManager: Mounting plugin ArchVisCharacter
LogPluginManager: Mounting plugin AudioSynesthesia
LogPluginManager: Mounting plugin ChunkDownloader
LogPluginManager: Mounting plugin ExampleDeviceProfileSelector
LogPluginManager: Mounting plugin CableComponent
LogPluginManager: Mounting plugin CustomMeshComponent
LogPluginManager: Mounting plugin GoogleCloudMessaging
LogPluginManager: Mounting plugin EditableMesh
LogPluginManager: Mounting plugin GooglePAD
LogPluginManager: Mounting plugin LinuxDeviceProfileSelector
LogPluginManager: Mounting plugin LocationServicesBPLibrary
LogPluginManager: Mounting plugin IOSDeviceProfileSelector
LogPluginManager: Mounting plugin MobilePatchingUtils
LogPluginManager: Mounting plugin OpenXREyeTracker
LogPluginManager: Mounting plugin OpenXR
LogPluginManager: Mounting plugin OpenXRHandTracking
LogPluginManager: Mounting plugin PhysXVehicles
LogPluginManager: Mounting plugin PostSplashScreen
LogPluginManager: Mounting plugin ProceduralMeshComponent
LogPluginManager: Mounting plugin PropertyAccessEditor
LogPluginManager: Mounting plugin SignificanceManager
LogPluginManager: Mounting plugin RuntimePhysXCooking
LogPluginManager: Mounting plugin SoundFields
LogPluginManager: Mounting plugin Synthesis
LogPluginManager: Mounting plugin WebMMoviePlayer
LogPluginManager: Mounting plugin WindowsMoviePlayer
LogPluginManager: Mounting plugin ScreenshotTools
LogPluginManager: Mounting plugin Takes
LogPluginManager: Mounting plugin ContentBrowserAssetDataSource
LogPluginManager: Mounting plugin ContentBrowserFileDataSource
LogPluginManager: Mounting plugin ContentBrowserClassDataSource
LogPluginManager: Mounting plugin OnlineSubsystemIOS
LogPluginManager: Mounting plugin OnlineSubsystemGooglePlay
LogPluginManager: Mounting plugin SteamVR
LogPluginManager: Mounting plugin ExperimentPlugin
LogPluginManager: Mounting plugin TCPMessages
PixWinPlugin: PIX capture plugin failed to initialize! Check that the process is launched from PIX.
LogInit: Using libcurl 7.55.1-DEV
LogInit:  - built for x86_64-pc-win32
LogInit:  - supports SSL with OpenSSL/1.1.1
LogInit:  - supports HTTP deflate (compression) using libz 1.2.8
LogInit:  - other features:
LogInit:      CURL_VERSION_SSL
LogInit:      CURL_VERSION_LIBZ
LogInit:      CURL_VERSION_IPV6
LogInit:      CURL_VERSION_ASYNCHDNS
LogInit:      CURL_VERSION_LARGEFILE
LogInit:      CURL_VERSION_IDN
LogInit:  CurlRequestOptions (configurable via config and command line):
LogInit:  - bVerifyPeer = true  - Libcurl will verify peer certificate
LogInit:  - bUseHttpProxy = false  - Libcurl will NOT use HTTP proxy
LogInit:  - bDontReuseConnections = false  - Libcurl will reuse connections
LogInit:  - MaxHostConnections = 16  - Libcurl will limit the number of connections to a host
LogInit:  - LocalHostAddr = Default
LogInit:  - BufferSize = 65536
LogOnline: OSS: Creating online subsystem instance for: NULL
LogInit: WinSock: version 1.1 (2.2), MaxSocks=32767, MaxUdp=65467
LogOnline: OSS: TryLoadSubsystemAndSetDefault: Loaded subsystem for module [NULL]
LogInit: Build: ++UE4+Release-4.27-CL-18319896
LogInit: Engine Version: 4.27.2-18319896+++UE4+Release-4.27
LogInit: Compatible Engine Version: 4.27.0-17155196+++UE4+Release-4.27
LogInit: Net CL: 17155196
LogInit: OS: Windows 10 (Release 2009) (), CPU: Intel(R) Core(TM) i7-6950X CPU @ 3.00GHz, GPU: NVIDIA GeForce GTX 1080
LogInit: Compiled (64-bit): Nov 30 2021 07:12:08
LogInit: Compiled with Visual C++: 19.24.28315.00
LogInit: Build Configuration: Development
LogInit: Branch Name: ++UE4+Release-4.27
LogInit: Command Line:  -AUTH_LOGIN=unused -AUTH_PASSWORD=3c086f297b7548caa1c0844ce100516e -AUTH_TYPE=exchangecode -epicapp=UE_4.27 -epicenv=Prod -EpicPortal -epicusername=MacIverLab -epicuserid=158ff6a1bf254cdaa3b485c9ef0db6d6 -epiclocale=en -epicsandboxid=ue
LogInit: Base Directory: C:/Program Files/Epic Games/UE_4.27/Engine/Binaries/Win64/
LogInit: Allocator: TBB
LogInit: Installed Engine Build: 1
LogDevObjectVersion: Number of dev versions registered: 29
LogDevObjectVersion:   Dev-Blueprints (B0D832E4-1F89-4F0D-ACCF-7EB736FD4AA2): 10
LogDevObjectVersion:   Dev-Build (E1C64328-A22C-4D53-A36C-8E866417BD8C): 0
LogDevObjectVersion:   Dev-Core (375EC13C-06E4-48FB-B500-84F0262A717E): 4
LogDevObjectVersion:   Dev-Editor (E4B068ED-F494-42E9-A231-DA0B2E46BB41): 40
LogDevObjectVersion:   Dev-Framework (CFFC743F-43B0-4480-9391-14DF171D2073): 37
LogDevObjectVersion:   Dev-Mobile (B02B49B5-BB20-44E9-A304-32B752E40360): 3
LogDevObjectVersion:   Dev-Networking (A4E4105C-59A1-49B5-A7C5-40C4547EDFEE): 0
LogDevObjectVersion:   Dev-Online (39C831C9-5AE6-47DC-9A44-9C173E1C8E7C): 0
LogDevObjectVersion:   Dev-Physics (78F01B33-EBEA-4F98-B9B4-84EACCB95AA2): 14
LogDevObjectVersion:   Dev-Platform (6631380F-2D4D-43E0-8009-CF276956A95A): 0
LogDevObjectVersion:   Dev-Rendering (12F88B9F-8875-4AFC-A67C-D90C383ABD29): 45
LogDevObjectVersion:   Dev-Sequencer (7B5AE74C-D270-4C10-A958-57980B212A5A): 13
LogDevObjectVersion:   Dev-VR (D7296918-1DD6-4BDD-9DE2-64A83CC13884): 3
LogDevObjectVersion:   Dev-LoadTimes (C2A15278-BFE7-4AFE-6C17-90FF531DF755): 1
LogDevObjectVersion:   Private-Geometry (6EACA3D4-40EC-4CC1-B786-8BED09428FC5): 3
LogDevObjectVersion:   Dev-AnimPhys (29E575DD-E0A3-4627-9D10-D276232CDCEA): 17
LogDevObjectVersion:   Dev-Anim (AF43A65D-7FD3-4947-9873-3E8ED9C1BB05): 15
LogDevObjectVersion:   Dev-ReflectionCapture (6B266CEC-1EC7-4B8F-A30B-E4D90942FC07): 1
LogDevObjectVersion:   Dev-Automation (0DF73D61-A23F-47EA-B727-89E90C41499A): 1
LogDevObjectVersion:   FortniteMain (601D1886-AC64-4F84-AA16-D3DE0DEAC7D6): 47
LogDevObjectVersion:   FortniteRelease (E7086368-6B23-4C58-8439-1B7016265E91): 1
LogDevObjectVersion:   Dev-Enterprise (9DFFBCD6-494F-0158-E221-12823C92A888): 10
LogDevObjectVersion:   Dev-Niagara (F2AED0AC-9AFE-416F-8664-AA7FFA26D6FC): 1
LogDevObjectVersion:   Dev-Destruction (174F1F0B-B4C6-45A5-B13F-2EE8D0FB917D): 10
LogDevObjectVersion:   Dev-Physics-Ext (35F94A83-E258-406C-A318-09F59610247C): 41
LogDevObjectVersion:   Dev-PhysicsMaterial-Chaos (B68FC16E-8B1B-42E2-B453-215C058844FE): 1
LogDevObjectVersion:   Dev-CineCamera (B2E18506-4273-CFC2-A54E-F4BB758BBA07): 1
LogDevObjectVersion:   Dev-VirtualProduction (64F58936-FD1B-42BA-BA96-7289D5D0FA4E): 1
LogDevObjectVersion:   Dev-MediaFramework (6F0ED827-A609-4895-9C91-998D90180EA4): 2
LogInit: Presizing for max 25165824 objects, including 0 objects not considered by GC, pre-allocating 0 bytes for permanent pool.
LogConfig: Applying CVar settings from Section [/Script/Engine.StreamingSettings] File [C:/Research/Experiment 4.27/Saved/Config/Windows/Engine.ini]
LogConfig: Setting CVar [[s.MinBulkDataSizeForAsyncLoading:131072]]
LogConfig: Setting CVar [[s.AsyncLoadingThreadEnabled:0]]
LogConfig: Setting CVar [[s.EventDrivenLoaderEnabled:1]]
LogConfig: Setting CVar [[s.WarnIfTimeLimitExceeded:0]]
LogConfig: Setting CVar [[s.TimeLimitExceededMultiplier:1.5]]
LogConfig: Setting CVar [[s.TimeLimitExceededMinTime:0.005]]
LogConfig: Setting CVar [[s.UseBackgroundLevelStreaming:1]]
LogConfig: Setting CVar [[s.PriorityAsyncLoadingExtraTime:15.0]]
LogConfig: Setting CVar [[s.LevelStreamingActorsUpdateTimeLimit:5.0]]
LogConfig: Setting CVar [[s.PriorityLevelStreamingActorsUpdateExtraTime:5.0]]
LogConfig: Setting CVar [[s.LevelStreamingComponentsRegistrationGranularity:10]]
LogConfig: Setting CVar [[s.UnregisterComponentsTimeLimit:1.0]]
LogConfig: Setting CVar [[s.LevelStreamingComponentsUnregistrationGranularity:5]]
LogConfig: Setting CVar [[s.FlushStreamingOnExit:1]]
LogInit: Object subsystem initialized
LogConfig: Setting CVar [[con.DebugEarlyDefault:1]]
LogConfig: Setting CVar [[r.setres:1280x720]]
[2023.10.25-15.14.35:990][  0]LogConfig: Setting CVar [[r.VSync:0]]
[2023.10.25-15.14.35:990][  0]LogConfig: Setting CVar [[r.RHICmdBypass:0]]
[2023.10.25-15.14.35:990][  0]LogConfig: Applying CVar settings from Section [/Script/Engine.RendererSettings] File [C:/Research/Experiment 4.27/Saved/Config/Windows/Engine.ini]
[2023.10.25-15.14.35:990][  0]LogConfig: Setting CVar [[r.GPUCrashDebugging:0]]
[2023.10.25-15.14.35:991][  0]LogConfig: Setting CVar [[r.ForwardShading:1]]
[2023.10.25-15.14.35:991][  0]LogConfig: Setting CVar [[vr.InstancedStereo:1]]
[2023.10.25-15.14.35:991][  0]LogConfig: Setting CVar [[r.MobileHDR:0]]
[2023.10.25-15.14.35:991][  0]LogConfig: Setting CVar [[vr.MobileMultiView:1]]
[2023.10.25-15.14.35:991][  0]LogConfig: Applying CVar settings from Section [/Script/Engine.RendererOverrideSettings] File [C:/Research/Experiment 4.27/Saved/Config/Windows/Engine.ini]
[2023.10.25-15.14.35:991][  0]LogConfig: Applying CVar settings from Section [/Script/Engine.StreamingSettings] File [C:/Research/Experiment 4.27/Saved/Config/Windows/Engine.ini]
[2023.10.25-15.14.35:991][  0]LogConfig: Setting CVar [[s.MinBulkDataSizeForAsyncLoading:131072]]
[2023.10.25-15.14.35:991][  0]LogConfig: Setting CVar [[s.AsyncLoadingThreadEnabled:0]]
[2023.10.25-15.14.35:991][  0]LogConfig: Setting CVar [[s.EventDrivenLoaderEnabled:1]]
[2023.10.25-15.14.35:991][  0]LogConfig: Setting CVar [[s.WarnIfTimeLimitExceeded:0]]
[2023.10.25-15.14.35:991][  0]LogConfig: Setting CVar [[s.TimeLimitExceededMultiplier:1.5]]
[2023.10.25-15.14.35:991][  0]LogConfig: Setting CVar [[s.TimeLimitExceededMinTime:0.005]]
[2023.10.25-15.14.35:991][  0]LogConfig: Setting CVar [[s.UseBackgroundLevelStreaming:1]]
[2023.10.25-15.14.35:991][  0]LogConfig: Setting CVar [[s.PriorityAsyncLoadingExtraTime:15.0]]
[2023.10.25-15.14.35:991][  0]LogConfig: Setting CVar [[s.LevelStreamingActorsUpdateTimeLimit:5.0]]
[2023.10.25-15.14.35:991][  0]LogConfig: Setting CVar [[s.PriorityLevelStreamingActorsUpdateExtraTime:5.0]]
[2023.10.25-15.14.35:991][  0]LogConfig: Setting CVar [[s.LevelStreamingComponentsRegistrationGranularity:10]]
[2023.10.25-15.14.35:991][  0]LogConfig: Setting CVar [[s.UnregisterComponentsTimeLimit:1.0]]
[2023.10.25-15.14.35:991][  0]LogConfig: Setting CVar [[s.LevelStreamingComponentsUnregistrationGranularity:5]]
[2023.10.25-15.14.35:991][  0]LogConfig: Setting CVar [[s.FlushStreamingOnExit:1]]
[2023.10.25-15.14.35:991][  0]LogConfig: Applying CVar settings from Section [/Script/Engine.GarbageCollectionSettings] File [C:/Research/Experiment 4.27/Saved/Config/Windows/Engine.ini]
[2023.10.25-15.14.35:991][  0]LogConfig: Setting CVar [[gc.MaxObjectsNotConsideredByGC:1]]
[2023.10.25-15.14.35:991][  0]LogConfig: Setting CVar [[gc.SizeOfPermanentObjectPool:0]]
[2023.10.25-15.14.35:991][  0]LogConfig: Setting CVar [[gc.FlushStreamingOnGC:0]]
[2023.10.25-15.14.35:991][  0]LogConfig: Setting CVar [[gc.NumRetriesBeforeForcingGC:10]]
[2023.10.25-15.14.35:991][  0]LogConfig: Setting CVar [[gc.AllowParallelGC:1]]
[2023.10.25-15.14.35:991][  0]LogConfig: Setting CVar [[gc.TimeBetweenPurgingPendingKillObjects:61.1]]
[2023.10.25-15.14.35:991][  0]LogConfig: Setting CVar [[gc.MaxObjectsInEditor:25165824]]
[2023.10.25-15.14.35:991][  0]LogConfig: Setting CVar [[gc.IncrementalBeginDestroyEnabled:1]]
[2023.10.25-15.14.35:991][  0]LogConfig: Setting CVar [[gc.CreateGCClusters:1]]
[2023.10.25-15.14.35:991][  0]LogConfig: Setting CVar [[gc.MinGCClusterSize:5]]
[2023.10.25-15.14.35:991][  0]LogConfig: Setting CVar [[gc.ActorClusteringEnabled:0]]
[2023.10.25-15.14.35:991][  0]LogConfig: Setting CVar [[gc.BlueprintClusteringEnabled:0]]
[2023.10.25-15.14.35:991][  0]LogConfig: Setting CVar [[gc.UseDisregardForGCOnDedicatedServers:0]]
[2023.10.25-15.14.35:991][  0]LogConfig: Setting CVar [[gc.MultithreadedDestructionEnabled:1]]
[2023.10.25-15.14.35:991][  0]LogConfig: Applying CVar settings from Section [/Script/Engine.NetworkSettings] File [C:/Research/Experiment 4.27/Saved/Config/Windows/Engine.ini]
[2023.10.25-15.14.35:991][  0]LogConfig: Applying CVar settings from Section [/Script/UnrealEd.CookerSettings] File [C:/Research/Experiment 4.27/Saved/Config/Windows/Engine.ini]
[2023.10.25-15.14.36:045][  0]LogConfig: Applying CVar settings from Section [ViewDistanceQuality@3] File [C:/Research/Experiment 4.27/Saved/Config/Windows/Scalability.ini]
[2023.10.25-15.14.36:045][  0]LogConfig: Setting CVar [[r.SkeletalMeshLODBias:0]]
[2023.10.25-15.14.36:045][  0]LogConfig: Setting CVar [[r.ViewDistanceScale:1.0]]
[2023.10.25-15.14.36:045][  0]LogConfig: Applying CVar settings from Section [AntiAliasingQuality@3] File [C:/Research/Experiment 4.27/Saved/Config/Windows/Scalability.ini]
[2023.10.25-15.14.36:045][  0]LogConfig: Setting CVar [[r.PostProcessAAQuality:4]]
[2023.10.25-15.14.36:045][  0]LogConfig: Applying CVar settings from Section [ShadowQuality@3] File [C:/Research/Experiment 4.27/Saved/Config/Windows/Scalability.ini]
[2023.10.25-15.14.36:045][  0]LogConfig: Setting CVar [[r.LightFunctionQuality:1]]
[2023.10.25-15.14.36:045][  0]LogConfig: Setting CVar [[r.ShadowQuality:5]]
[2023.10.25-15.14.36:045][  0]LogConfig: Setting CVar [[r.Shadow.CSM.MaxCascades:10]]
[2023.10.25-15.14.36:045][  0]LogConfig: Setting CVar [[r.Shadow.MaxResolution:2048]]
[2023.10.25-15.14.36:045][  0]LogConfig: Setting CVar [[r.Shadow.MaxCSMResolution:2048]]
[2023.10.25-15.14.36:045][  0]LogConfig: Setting CVar [[r.Shadow.RadiusThreshold:0.01]]
[2023.10.25-15.14.36:045][  0]LogConfig: Setting CVar [[r.Shadow.DistanceScale:1.0]]
[2023.10.25-15.14.36:045][  0]LogConfig: Setting CVar [[r.Shadow.CSM.TransitionScale:1.0]]
[2023.10.25-15.14.36:045][  0]LogConfig: Setting CVar [[r.Shadow.PreShadowResolutionFactor:1.0]]
[2023.10.25-15.14.36:045][  0]LogConfig: Setting CVar [[r.DistanceFieldShadowing:1]]
[2023.10.25-15.14.36:045][  0]LogConfig: Setting CVar [[r.DistanceFieldAO:1]]
[2023.10.25-15.14.36:045][  0]LogConfig: Setting CVar [[r.AOQuality:2]]
[2023.10.25-15.14.36:045][  0]LogConfig: Setting CVar [[r.VolumetricFog:1]]
[2023.10.25-15.14.36:045][  0]LogConfig: Setting CVar [[r.VolumetricFog.GridPixelSize:8]]
[2023.10.25-15.14.36:045][  0]LogConfig: Setting CVar [[r.VolumetricFog.GridSizeZ:128]]
[2023.10.25-15.14.36:045][  0]LogConfig: Setting CVar [[r.VolumetricFog.HistoryMissSupersampleCount:4]]
[2023.10.25-15.14.36:045][  0]LogConfig: Setting CVar [[r.LightMaxDrawDistanceScale:1]]
[2023.10.25-15.14.36:045][  0]LogConfig: Setting CVar [[r.CapsuleShadows:1]]
[2023.10.25-15.14.36:046][  0]LogConfig: Applying CVar settings from Section [PostProcessQuality@3] File [C:/Research/Experiment 4.27/Saved/Config/Windows/Scalability.ini]
[2023.10.25-15.14.36:046][  0]LogConfig: Setting CVar [[r.MotionBlurQuality:4]]
[2023.10.25-15.14.36:046][  0]LogConfig: Setting CVar [[r.AmbientOcclusionMipLevelFactor:0.4]]
[2023.10.25-15.14.36:046][  0]LogConfig: Setting CVar [[r.AmbientOcclusionMaxQuality:100]]
[2023.10.25-15.14.36:046][  0]LogConfig: Setting CVar [[r.AmbientOcclusionLevels:-1]]
[2023.10.25-15.14.36:046][  0]LogConfig: Setting CVar [[r.AmbientOcclusionRadiusScale:1.0]]
[2023.10.25-15.14.36:046][  0]LogConfig: Setting CVar [[r.DepthOfFieldQuality:2]]
[2023.10.25-15.14.36:046][  0]LogConfig: Setting CVar [[r.RenderTargetPoolMin:400]]
[2023.10.25-15.14.36:046][  0]LogConfig: Setting CVar [[r.LensFlareQuality:2]]
[2023.10.25-15.14.36:046][  0]LogConfig: Setting CVar [[r.SceneColorFringeQuality:1]]
[2023.10.25-15.14.36:046][  0]LogConfig: Setting CVar [[r.EyeAdaptationQuality:2]]
[2023.10.25-15.14.36:046][  0]LogConfig: Setting CVar [[r.BloomQuality:5]]
[2023.10.25-15.14.36:046][  0]LogConfig: Setting CVar [[r.FastBlurThreshold:100]]
[2023.10.25-15.14.36:046][  0]LogConfig: Setting CVar [[r.Upscale.Quality:3]]
[2023.10.25-15.14.36:046][  0]LogConfig: Setting CVar [[r.Tonemapper.GrainQuantization:1]]
[2023.10.25-15.14.36:046][  0]LogConfig: Setting CVar [[r.LightShaftQuality:1]]
[2023.10.25-15.14.36:046][  0]LogConfig: Setting CVar [[r.Filter.SizeScale:1]]
[2023.10.25-15.14.36:046][  0]LogConfig: Setting CVar [[r.Tonemapper.Quality:5]]
[2023.10.25-15.14.36:046][  0]LogConfig: Setting CVar [[r.DOF.Gather.AccumulatorQuality:1        ; higher gathering accumulator quality]]
[2023.10.25-15.14.36:046][  0]LogConfig: Setting CVar [[r.DOF.Gather.PostfilterMethod:1          ; Median3x3 postfilering method]]
[2023.10.25-15.14.36:046][  0]LogConfig: Setting CVar [[r.DOF.Gather.EnableBokehSettings:0       ; no bokeh simulation when gathering]]
[2023.10.25-15.14.36:046][  0]LogConfig: Setting CVar [[r.DOF.Gather.RingCount:4                 ; medium number of samples when gathering]]
[2023.10.25-15.14.36:046][  0]LogConfig: Setting CVar [[r.DOF.Scatter.ForegroundCompositing:1    ; additive foreground scattering]]
[2023.10.25-15.14.36:046][  0]LogConfig: Setting CVar [[r.DOF.Scatter.BackgroundCompositing:2    ; additive background scattering]]
[2023.10.25-15.14.36:046][  0]LogConfig: Setting CVar [[r.DOF.Scatter.EnableBokehSettings:1      ; bokeh simulation when scattering]]
[2023.10.25-15.14.36:046][  0]LogConfig: Setting CVar [[r.DOF.Scatter.MaxSpriteRatio:0.1         ; only a maximum of 10% of scattered bokeh]]
[2023.10.25-15.14.36:046][  0]LogConfig: Setting CVar [[r.DOF.Recombine.Quality:1                ; cheap slight out of focus]]
[2023.10.25-15.14.36:046][  0]LogConfig: Setting CVar [[r.DOF.Recombine.EnableBokehSettings:0    ; no bokeh simulation on slight out of focus]]
[2023.10.25-15.14.36:046][  0]LogConfig: Setting CVar [[r.DOF.TemporalAAQuality:1                ; more stable temporal accumulation]]
[2023.10.25-15.14.36:046][  0]LogConfig: Setting CVar [[r.DOF.Kernel.MaxForegroundRadius:0.025]]
[2023.10.25-15.14.36:046][  0]LogConfig: Setting CVar [[r.DOF.Kernel.MaxBackgroundRadius:0.025]]
[2023.10.25-15.14.36:046][  0]LogConfig: Applying CVar settings from Section [TextureQuality@3] File [C:/Research/Experiment 4.27/Saved/Config/Windows/Scalability.ini]
[2023.10.25-15.14.36:046][  0]LogConfig: Setting CVar [[r.Streaming.MipBias:0]]
[2023.10.25-15.14.36:046][  0]LogConfig: Setting CVar [[r.Streaming.AmortizeCPUToGPUCopy:0]]
[2023.10.25-15.14.36:046][  0]LogConfig: Setting CVar [[r.Streaming.MaxNumTexturesToStreamPerFrame:0]]
[2023.10.25-15.14.36:046][  0]LogConfig: Setting CVar [[r.Streaming.Boost:1]]
[2023.10.25-15.14.36:046][  0]LogConfig: Setting CVar [[r.MaxAnisotropy:8]]
[2023.10.25-15.14.36:046][  0]LogConfig: Setting CVar [[r.VT.MaxAnisotropy:8]]
[2023.10.25-15.14.36:046][  0]LogConfig: Setting CVar [[r.Streaming.LimitPoolSizeToVRAM:0]]
[2023.10.25-15.14.36:046][  0]LogConfig: Setting CVar [[r.Streaming.PoolSize:1000]]
[2023.10.25-15.14.36:046][  0]LogConfig: Setting CVar [[r.Streaming.MaxEffectiveScreenSize:0]]
[2023.10.25-15.14.36:046][  0]LogConfig: Applying CVar settings from Section [EffectsQuality@3] File [C:/Research/Experiment 4.27/Saved/Config/Windows/Scalability.ini]
[2023.10.25-15.14.36:046][  0]LogConfig: Setting CVar [[r.TranslucencyLightingVolumeDim:64]]
[2023.10.25-15.14.36:046][  0]LogConfig: Setting CVar [[r.RefractionQuality:2]]
[2023.10.25-15.14.36:046][  0]LogConfig: Setting CVar [[r.SSR.Quality:3]]
[2023.10.25-15.14.36:046][  0]LogConfig: Setting CVar [[r.SSR.HalfResSceneColor:0]]
[2023.10.25-15.14.36:046][  0]LogConfig: Setting CVar [[r.SceneColorFormat:4]]
[2023.10.25-15.14.36:046][  0]LogConfig: Setting CVar [[r.DetailMode:2]]
[2023.10.25-15.14.36:046][  0]LogConfig: Setting CVar [[r.TranslucencyVolumeBlur:1]]
[2023.10.25-15.14.36:046][  0]LogConfig: Setting CVar [[r.MaterialQualityLevel:1 ; High quality]]
[2023.10.25-15.14.36:046][  0]LogConfig: Setting CVar [[r.AnisotropicMaterials:1]]
[2023.10.25-15.14.36:046][  0]LogConfig: Setting CVar [[r.SSS.Scale:1]]
[2023.10.25-15.14.36:046][  0]LogConfig: Setting CVar [[r.SSS.SampleSet:2]]
[2023.10.25-15.14.36:046][  0]LogConfig: Setting CVar [[r.SSS.Quality:1]]
[2023.10.25-15.14.36:046][  0]LogConfig: Setting CVar [[r.SSS.HalfRes:0]]
[2023.10.25-15.14.36:046][  0]LogConfig: Setting CVar [[r.SSGI.Quality:3]]
[2023.10.25-15.14.36:046][  0]LogConfig: Setting CVar [[r.EmitterSpawnRateScale:1.0]]
[2023.10.25-15.14.36:046][  0]LogConfig: Setting CVar [[r.ParticleLightQuality:2]]
[2023.10.25-15.14.36:046][  0]LogConfig: Setting CVar [[r.SkyAtmosphere.AerialPerspectiveLUT.FastApplyOnOpaque:1 ; Always have FastSkyLUT 1 in this case to avoid wrong sky]]
[2023.10.25-15.14.36:046][  0]LogConfig: Setting CVar [[r.SkyAtmosphere.AerialPerspectiveLUT.SampleCountMaxPerSlice:4]]
[2023.10.25-15.14.36:046][  0]LogConfig: Setting CVar [[r.SkyAtmosphere.AerialPerspectiveLUT.DepthResolution:16.0]]
[2023.10.25-15.14.36:046][  0]LogConfig: Setting CVar [[r.SkyAtmosphere.FastSkyLUT:1]]
[2023.10.25-15.14.36:046][  0]LogConfig: Setting CVar [[r.SkyAtmosphere.FastSkyLUT.SampleCountMin:4.0]]
[2023.10.25-15.14.36:046][  0]LogConfig: Setting CVar [[r.SkyAtmosphere.FastSkyLUT.SampleCountMax:128.0]]
[2023.10.25-15.14.36:046][  0]LogConfig: Setting CVar [[r.SkyAtmosphere.SampleCountMin:4.0]]
[2023.10.25-15.14.36:046][  0]LogConfig: Setting CVar [[r.SkyAtmosphere.SampleCountMax:128.0]]
[2023.10.25-15.14.36:046][  0]LogConfig: Setting CVar [[r.SkyAtmosphere.TransmittanceLUT.UseSmallFormat:0]]
[2023.10.25-15.14.36:046][  0]LogConfig: Setting CVar [[r.SkyAtmosphere.TransmittanceLUT.SampleCount:10.0]]
[2023.10.25-15.14.36:046][  0]LogConfig: Setting CVar [[r.SkyAtmosphere.MultiScatteringLUT.SampleCount:15.0]]
[2023.10.25-15.14.36:046][  0]LogConfig: Setting CVar [[r.SkyLight.RealTimeReflectionCapture:1]]
[2023.10.25-15.14.36:046][  0]LogConfig: Applying CVar settings from Section [FoliageQuality@3] File [C:/Research/Experiment 4.27/Saved/Config/Windows/Scalability.ini]
[2023.10.25-15.14.36:046][  0]LogConfig: Setting CVar [[foliage.DensityScale:1.0]]
[2023.10.25-15.14.36:046][  0]LogConfig: Setting CVar [[grass.DensityScale:1.0]]
[2023.10.25-15.14.36:046][  0]LogConfig: Applying CVar settings from Section [ShadingQuality@3] File [C:/Research/Experiment 4.27/Saved/Config/Windows/Scalability.ini]
[2023.10.25-15.14.36:046][  0]LogConfig: Setting CVar [[r.HairStrands.SkyLighting.IntegrationType:2]]
[2023.10.25-15.14.36:046][  0]LogConfig: Setting CVar [[r.HairStrands.SkyAO.SampleCount:4]]
[2023.10.25-15.14.36:046][  0]LogConfig: Setting CVar [[r.HairStrands.Visibility.MSAA.SamplePerPixel:4]]
[2023.10.25-15.14.36:047][  0]LogInit: Selected Device Profile: [Windows]
[2023.10.25-15.14.36:047][  0]LogInit: Applying CVar settings loaded from the selected device profile: [Windows]
[2023.10.25-15.14.36:047][  0]LogHAL: Display: Platform has ~ 64 GB [68610813952 / 68719476736 / 64], which maps to Largest [LargestMinGB=32, LargerMinGB=12, DefaultMinGB=8, SmallerMinGB=6, SmallestMinGB=0)
[2023.10.25-15.14.36:047][  0]LogInit: Going up to parent DeviceProfile []
[2023.10.25-15.14.36:047][  0]LogConfig: Applying CVar settings from Section [ViewDistanceQuality@3] File [C:/Research/Experiment 4.27/Saved/Config/Windows/Scalability.ini]
[2023.10.25-15.14.36:047][  0]LogConfig: Setting CVar [[r.SkeletalMeshLODBias:0]]
[2023.10.25-15.14.36:047][  0]LogConfig: Setting CVar [[r.ViewDistanceScale:1.0]]
[2023.10.25-15.14.36:047][  0]LogConfig: Applying CVar settings from Section [AntiAliasingQuality@3] File [C:/Research/Experiment 4.27/Saved/Config/Windows/Scalability.ini]
[2023.10.25-15.14.36:047][  0]LogConfig: Setting CVar [[r.PostProcessAAQuality:4]]
[2023.10.25-15.14.36:047][  0]LogConfig: Applying CVar settings from Section [ShadowQuality@3] File [C:/Research/Experiment 4.27/Saved/Config/Windows/Scalability.ini]
[2023.10.25-15.14.36:047][  0]LogConfig: Setting CVar [[r.LightFunctionQuality:1]]
[2023.10.25-15.14.36:047][  0]LogConfig: Setting CVar [[r.ShadowQuality:5]]
[2023.10.25-15.14.36:047][  0]LogConfig: Setting CVar [[r.Shadow.CSM.MaxCascades:10]]
[2023.10.25-15.14.36:047][  0]LogConfig: Setting CVar [[r.Shadow.MaxResolution:2048]]
[2023.10.25-15.14.36:047][  0]LogConfig: Setting CVar [[r.Shadow.MaxCSMResolution:2048]]
[2023.10.25-15.14.36:047][  0]LogConfig: Setting CVar [[r.Shadow.RadiusThreshold:0.01]]
[2023.10.25-15.14.36:047][  0]LogConfig: Setting CVar [[r.Shadow.DistanceScale:1.0]]
[2023.10.25-15.14.36:047][  0]LogConfig: Setting CVar [[r.Shadow.CSM.TransitionScale:1.0]]
[2023.10.25-15.14.36:047][  0]LogConfig: Setting CVar [[r.Shadow.PreShadowResolutionFactor:1.0]]
[2023.10.25-15.14.36:047][  0]LogConfig: Setting CVar [[r.DistanceFieldShadowing:1]]
[2023.10.25-15.14.36:047][  0]LogConfig: Setting CVar [[r.DistanceFieldAO:1]]
[2023.10.25-15.14.36:047][  0]LogConfig: Setting CVar [[r.AOQuality:2]]
[2023.10.25-15.14.36:047][  0]LogConfig: Setting CVar [[r.VolumetricFog:1]]
[2023.10.25-15.14.36:047][  0]LogConfig: Setting CVar [[r.VolumetricFog.GridPixelSize:8]]
[2023.10.25-15.14.36:047][  0]LogConfig: Setting CVar [[r.VolumetricFog.GridSizeZ:128]]
[2023.10.25-15.14.36:047][  0]LogConfig: Setting CVar [[r.VolumetricFog.HistoryMissSupersampleCount:4]]
[2023.10.25-15.14.36:047][  0]LogConfig: Setting CVar [[r.LightMaxDrawDistanceScale:1]]
[2023.10.25-15.14.36:047][  0]LogConfig: Setting CVar [[r.CapsuleShadows:1]]
[2023.10.25-15.14.36:047][  0]LogConfig: Applying CVar settings from Section [PostProcessQuality@3] File [C:/Research/Experiment 4.27/Saved/Config/Windows/Scalability.ini]
[2023.10.25-15.14.36:047][  0]LogConfig: Setting CVar [[r.MotionBlurQuality:4]]
[2023.10.25-15.14.36:047][  0]LogConfig: Setting CVar [[r.AmbientOcclusionMipLevelFactor:0.4]]
[2023.10.25-15.14.36:047][  0]LogConfig: Setting CVar [[r.AmbientOcclusionMaxQuality:100]]
[2023.10.25-15.14.36:047][  0]LogConfig: Setting CVar [[r.AmbientOcclusionLevels:-1]]
[2023.10.25-15.14.36:047][  0]LogConfig: Setting CVar [[r.AmbientOcclusionRadiusScale:1.0]]
[2023.10.25-15.14.36:047][  0]LogConfig: Setting CVar [[r.DepthOfFieldQuality:2]]
[2023.10.25-15.14.36:047][  0]LogConfig: Setting CVar [[r.RenderTargetPoolMin:400]]
[2023.10.25-15.14.36:047][  0]LogConfig: Setting CVar [[r.LensFlareQuality:2]]
[2023.10.25-15.14.36:047][  0]LogConfig: Setting CVar [[r.SceneColorFringeQuality:1]]
[2023.10.25-15.14.36:047][  0]LogConfig: Setting CVar [[r.EyeAdaptationQuality:2]]
[2023.10.25-15.14.36:047][  0]LogConfig: Setting CVar [[r.BloomQuality:5]]
[2023.10.25-15.14.36:047][  0]LogConfig: Setting CVar [[r.FastBlurThreshold:100]]
[2023.10.25-15.14.36:047][  0]LogConfig: Setting CVar [[r.Upscale.Quality:3]]
[2023.10.25-15.14.36:047][  0]LogConfig: Setting CVar [[r.Tonemapper.GrainQuantization:1]]
[2023.10.25-15.14.36:047][  0]LogConfig: Setting CVar [[r.LightShaftQuality:1]]
[2023.10.25-15.14.36:047][  0]LogConfig: Setting CVar [[r.Filter.SizeScale:1]]
[2023.10.25-15.14.36:047][  0]LogConfig: Setting CVar [[r.Tonemapper.Quality:5]]
[2023.10.25-15.14.36:047][  0]LogConfig: Setting CVar [[r.DOF.Gather.AccumulatorQuality:1        ; higher gathering accumulator quality]]
[2023.10.25-15.14.36:047][  0]LogConfig: Setting CVar [[r.DOF.Gather.PostfilterMethod:1          ; Median3x3 postfilering method]]
[2023.10.25-15.14.36:047][  0]LogConfig: Setting CVar [[r.DOF.Gather.EnableBokehSettings:0       ; no bokeh simulation when gathering]]
[2023.10.25-15.14.36:047][  0]LogConfig: Setting CVar [[r.DOF.Gather.RingCount:4                 ; medium number of samples when gathering]]
[2023.10.25-15.14.36:047][  0]LogConfig: Setting CVar [[r.DOF.Scatter.ForegroundCompositing:1    ; additive foreground scattering]]
[2023.10.25-15.14.36:047][  0]LogConfig: Setting CVar [[r.DOF.Scatter.BackgroundCompositing:2    ; additive background scattering]]
[2023.10.25-15.14.36:047][  0]LogConfig: Setting CVar [[r.DOF.Scatter.EnableBokehSettings:1      ; bokeh simulation when scattering]]
[2023.10.25-15.14.36:047][  0]LogConfig: Setting CVar [[r.DOF.Scatter.MaxSpriteRatio:0.1         ; only a maximum of 10% of scattered bokeh]]
[2023.10.25-15.14.36:047][  0]LogConfig: Setting CVar [[r.DOF.Recombine.Quality:1                ; cheap slight out of focus]]
[2023.10.25-15.14.36:047][  0]LogConfig: Setting CVar [[r.DOF.Recombine.EnableBokehSettings:0    ; no bokeh simulation on slight out of focus]]
[2023.10.25-15.14.36:047][  0]LogConfig: Setting CVar [[r.DOF.TemporalAAQuality:1                ; more stable temporal accumulation]]
[2023.10.25-15.14.36:047][  0]LogConfig: Setting CVar [[r.DOF.Kernel.MaxForegroundRadius:0.025]]
[2023.10.25-15.14.36:047][  0]LogConfig: Setting CVar [[r.DOF.Kernel.MaxBackgroundRadius:0.025]]
[2023.10.25-15.14.36:047][  0]LogConfig: Applying CVar settings from Section [TextureQuality@3] File [C:/Research/Experiment 4.27/Saved/Config/Windows/Scalability.ini]
[2023.10.25-15.14.36:047][  0]LogConfig: Setting CVar [[r.Streaming.MipBias:0]]
[2023.10.25-15.14.36:047][  0]LogConfig: Setting CVar [[r.Streaming.AmortizeCPUToGPUCopy:0]]
[2023.10.25-15.14.36:047][  0]LogConfig: Setting CVar [[r.Streaming.MaxNumTexturesToStreamPerFrame:0]]
[2023.10.25-15.14.36:047][  0]LogConfig: Setting CVar [[r.Streaming.Boost:1]]
[2023.10.25-15.14.36:047][  0]LogConfig: Setting CVar [[r.MaxAnisotropy:8]]
[2023.10.25-15.14.36:047][  0]LogConfig: Setting CVar [[r.VT.MaxAnisotropy:8]]
[2023.10.25-15.14.36:047][  0]LogConfig: Setting CVar [[r.Streaming.LimitPoolSizeToVRAM:0]]
[2023.10.25-15.14.36:047][  0]LogConfig: Setting CVar [[r.Streaming.PoolSize:1000]]
[2023.10.25-15.14.36:047][  0]LogConfig: Setting CVar [[r.Streaming.MaxEffectiveScreenSize:0]]
[2023.10.25-15.14.36:047][  0]LogConfig: Applying CVar settings from Section [EffectsQuality@3] File [C:/Research/Experiment 4.27/Saved/Config/Windows/Scalability.ini]
[2023.10.25-15.14.36:047][  0]LogConfig: Setting CVar [[r.TranslucencyLightingVolumeDim:64]]
[2023.10.25-15.14.36:047][  0]LogConfig: Setting CVar [[r.RefractionQuality:2]]
[2023.10.25-15.14.36:048][  0]LogConfig: Setting CVar [[r.SSR.Quality:3]]
[2023.10.25-15.14.36:048][  0]LogConfig: Setting CVar [[r.SSR.HalfResSceneColor:0]]
[2023.10.25-15.14.36:048][  0]LogConfig: Setting CVar [[r.SceneColorFormat:4]]
[2023.10.25-15.14.36:048][  0]LogConfig: Setting CVar [[r.DetailMode:2]]
[2023.10.25-15.14.36:048][  0]LogConfig: Setting CVar [[r.TranslucencyVolumeBlur:1]]
[2023.10.25-15.14.36:048][  0]LogConfig: Setting CVar [[r.MaterialQualityLevel:1 ; High quality]]
[2023.10.25-15.14.36:048][  0]LogConfig: Setting CVar [[r.AnisotropicMaterials:1]]
[2023.10.25-15.14.36:048][  0]LogConfig: Setting CVar [[r.SSS.Scale:1]]
[2023.10.25-15.14.36:048][  0]LogConfig: Setting CVar [[r.SSS.SampleSet:2]]
[2023.10.25-15.14.36:048][  0]LogConfig: Setting CVar [[r.SSS.Quality:1]]
[2023.10.25-15.14.36:048][  0]LogConfig: Setting CVar [[r.SSS.HalfRes:0]]
[2023.10.25-15.14.36:048][  0]LogConfig: Setting CVar [[r.SSGI.Quality:3]]
[2023.10.25-15.14.36:048][  0]LogConfig: Setting CVar [[r.EmitterSpawnRateScale:1.0]]
[2023.10.25-15.14.36:048][  0]LogConfig: Setting CVar [[r.ParticleLightQuality:2]]
[2023.10.25-15.14.36:048][  0]LogConfig: Setting CVar [[r.SkyAtmosphere.AerialPerspectiveLUT.FastApplyOnOpaque:1 ; Always have FastSkyLUT 1 in this case to avoid wrong sky]]
[2023.10.25-15.14.36:048][  0]LogConfig: Setting CVar [[r.SkyAtmosphere.AerialPerspectiveLUT.SampleCountMaxPerSlice:4]]
[2023.10.25-15.14.36:048][  0]LogConfig: Setting CVar [[r.SkyAtmosphere.AerialPerspectiveLUT.DepthResolution:16.0]]
[2023.10.25-15.14.36:048][  0]LogConfig: Setting CVar [[r.SkyAtmosphere.FastSkyLUT:1]]
[2023.10.25-15.14.36:048][  0]LogConfig: Setting CVar [[r.SkyAtmosphere.FastSkyLUT.SampleCountMin:4.0]]
[2023.10.25-15.14.36:048][  0]LogConfig: Setting CVar [[r.SkyAtmosphere.FastSkyLUT.SampleCountMax:128.0]]
[2023.10.25-15.14.36:048][  0]LogConfig: Setting CVar [[r.SkyAtmosphere.SampleCountMin:4.0]]
[2023.10.25-15.14.36:048][  0]LogConfig: Setting CVar [[r.SkyAtmosphere.SampleCountMax:128.0]]
[2023.10.25-15.14.36:048][  0]LogConfig: Setting CVar [[r.SkyAtmosphere.TransmittanceLUT.UseSmallFormat:0]]
[2023.10.25-15.14.36:048][  0]LogConfig: Setting CVar [[r.SkyAtmosphere.TransmittanceLUT.SampleCount:10.0]]
[2023.10.25-15.14.36:048][  0]LogConfig: Setting CVar [[r.SkyAtmosphere.MultiScatteringLUT.SampleCount:15.0]]
[2023.10.25-15.14.36:048][  0]LogConfig: Setting CVar [[r.SkyLight.RealTimeReflectionCapture:1]]
[2023.10.25-15.14.36:048][  0]LogConfig: Applying CVar settings from Section [FoliageQuality@3] File [C:/Research/Experiment 4.27/Saved/Config/Windows/Scalability.ini]
[2023.10.25-15.14.36:048][  0]LogConfig: Setting CVar [[foliage.DensityScale:1.0]]
[2023.10.25-15.14.36:048][  0]LogConfig: Setting CVar [[grass.DensityScale:1.0]]
[2023.10.25-15.14.36:048][  0]LogConfig: Applying CVar settings from Section [ShadingQuality@3] File [C:/Research/Experiment 4.27/Saved/Config/Windows/Scalability.ini]
[2023.10.25-15.14.36:048][  0]LogConfig: Setting CVar [[r.HairStrands.SkyLighting.IntegrationType:2]]
[2023.10.25-15.14.36:048][  0]LogConfig: Setting CVar [[r.HairStrands.SkyAO.SampleCount:4]]
[2023.10.25-15.14.36:048][  0]LogConfig: Setting CVar [[r.HairStrands.Visibility.MSAA.SamplePerPixel:4]]
[2023.10.25-15.14.36:048][  0]LogConfig: Applying CVar settings from Section [Startup] File [../../../Engine/Config/ConsoleVariables.ini]
[2023.10.25-15.14.36:048][  0]LogConfig: Setting CVar [[net.UseAdaptiveNetUpdateFrequency:0]]
[2023.10.25-15.14.36:048][  0]LogConfig: Setting CVar [[p.chaos.AllowCreatePhysxBodies:1]]
[2023.10.25-15.14.36:048][  0]LogConfig: Setting CVar [[fx.SkipVectorVMBackendOptimizations:1]]
[2023.10.25-15.14.36:048][  0]LogConfig: Applying CVar settings from Section [ConsoleVariables] File [C:/Research/Experiment 4.27/Saved/Config/Windows/Engine.ini]
[2023.10.25-15.14.36:048][  0]LogConfig: Applying CVar settings from Section [ConsoleVariables] File [C:/Research/Experiment 4.27/Saved/Config/Windows/Editor.ini]
[2023.10.25-15.14.36:048][  0]LogInit: Computer: MACLABVR
[2023.10.25-15.14.36:048][  0]LogInit: User: maciv
[2023.10.25-15.14.36:048][  0]LogInit: CPU Page size=4096, Cores=10
[2023.10.25-15.14.36:048][  0]LogInit: High frequency timer resolution =10.000000 MHz
[2023.10.25-15.14.36:048][  0]LogMemory: Memory total: Physical=63.9GB (64GB approx)
[2023.10.25-15.14.36:048][  0]LogMemory: Platform Memory Stats for Windows
[2023.10.25-15.14.36:048][  0]LogMemory: Process Physical Memory: 146.16 MB used, 146.16 MB peak
[2023.10.25-15.14.36:048][  0]LogMemory: Process Virtual Memory: 132.57 MB used, 132.57 MB peak
[2023.10.25-15.14.36:048][  0]LogMemory: Physical Memory: 18051.06 MB used,  47381.31 MB free, 65432.37 MB total
[2023.10.25-15.14.36:048][  0]LogMemory: Virtual Memory: 134166264.00 MB used,  51460.44 MB free, 134217728.00 MB total
[2023.10.25-15.14.36:054][  0]LogWindows: WindowsPlatformFeatures enabled
[2023.10.25-15.14.36:105][  0]LogInit: Physics initialised using underlying interface: PhysX
[2023.10.25-15.14.36:105][  0]LogInit: Using OS detected language (en-US).
[2023.10.25-15.14.36:106][  0]LogInit: Using OS detected locale (en-US).
[2023.10.25-15.14.36:109][  0]LogTextLocalizationManager: No specific localization for 'en-US' exists, so the 'en' localization will be used.
[2023.10.25-15.14.36:324][  0]LogInit: Setting process to per monitor DPI aware
[2023.10.25-15.14.36:340][  0]LogWindowsTextInputMethodSystem: Display: IME system deactivated.
[2023.10.25-15.14.36:355][  0]LogSlate: New Slate User Created.  User Index 0, Is Virtual User: 0
[2023.10.25-15.14.36:355][  0]LogSlate: Slate User Registered.  User Index 0, Is Virtual User: 0
[2023.10.25-15.14.36:506][  0]LogD3D11RHI: Loaded GFSDK_Aftermath_Lib.x64.dll
[2023.10.25-15.14.36:582][  0]LogHMD: Failed to initialize OpenVR with code 108
[2023.10.25-15.14.36:582][  0]LogD3D11RHI: D3D11 min allowed feature level: 11_0
[2023.10.25-15.14.36:582][  0]LogD3D11RHI: D3D11 max allowed feature level: 11_0
[2023.10.25-15.14.36:582][  0]LogD3D11RHI: D3D11 adapters:
[2023.10.25-15.14.36:722][  0]LogD3D11RHI:    0. 'NVIDIA GeForce GTX 1080' (Feature Level 11_0)
[2023.10.25-15.14.36:722][  0]LogD3D11RHI:       8072/0/32716 MB DedicatedVideo/DedicatedSystem/SharedSystem, Outputs:2, VendorId:0x10de
[2023.10.25-15.14.36:724][  0]LogD3D11RHI:    1. 'Microsoft Basic Render Driver' (Feature Level 11_0)
[2023.10.25-15.14.36:724][  0]LogD3D11RHI:       0/0/32716 MB DedicatedVideo/DedicatedSystem/SharedSystem, Outputs:0, VendorId:0x1414
[2023.10.25-15.14.36:837][  0]LogD3D11RHI:    2. 'NVIDIA GeForce GTX 1080' (Feature Level 11_0)
[2023.10.25-15.14.36:837][  0]LogD3D11RHI:       8072/0/32716 MB DedicatedVideo/DedicatedSystem/SharedSystem, Outputs:0, VendorId:0x10de
[2023.10.25-15.14.36:837][  0]LogD3D11RHI: Chosen D3D11 Adapter:
[2023.10.25-15.14.36:837][  0]LogD3D11RHI:     Description : NVIDIA GeForce GTX 1080
[2023.10.25-15.14.36:837][  0]LogD3D11RHI:     VendorId    : 10de
[2023.10.25-15.14.36:837][  0]LogD3D11RHI:     DeviceId    : 1b80
[2023.10.25-15.14.36:837][  0]LogD3D11RHI:     SubSysId    : 119e10de
[2023.10.25-15.14.36:837][  0]LogD3D11RHI:     Revision    : 00a1
[2023.10.25-15.14.36:837][  0]LogD3D11RHI:     DedicatedVideoMemory : 8464105472 bytes
[2023.10.25-15.14.36:837][  0]LogD3D11RHI:     DedicatedSystemMemory : 0 bytes
[2023.10.25-15.14.36:837][  0]LogD3D11RHI:     SharedSystemMemory : 34305406976 bytes
[2023.10.25-15.14.36:837][  0]LogD3D11RHI:     AdapterLuid : 0 186399443
[2023.10.25-15.14.36:846][  0]LogD3D11RHI: Creating new Direct3DDevice
[2023.10.25-15.14.36:846][  0]LogD3D11RHI:     GPU DeviceId: 0x1b80 (for the marketing name, search the web for "GPU Device Id")
[2023.10.25-15.14.36:846][  0]LogWindows: EnumDisplayDevices:
[2023.10.25-15.14.36:846][  0]LogWindows:    0. 'NVIDIA GeForce GTX 1080' (P:1 D:1)
[2023.10.25-15.14.36:846][  0]LogWindows:    1. 'NVIDIA GeForce GTX 1080' (P:0 D:1)
[2023.10.25-15.14.36:847][  0]LogWindows:    2. 'NVIDIA GeForce GTX 1080' (P:0 D:0)
[2023.10.25-15.14.36:847][  0]LogWindows:    3. 'NVIDIA GeForce GTX 1080' (P:0 D:0)
[2023.10.25-15.14.36:847][  0]LogWindows:    4. 'Virtual Display Adapter' (P:0 D:0)
[2023.10.25-15.14.36:847][  0]LogWindows:    5. 'Virtual Display Adapter' (P:0 D:0)
[2023.10.25-15.14.36:848][  0]LogWindows:    6. 'Virtual Display Adapter' (P:0 D:0)
[2023.10.25-15.14.36:848][  0]LogWindows:    7. 'Virtual Display Adapter' (P:0 D:0)
[2023.10.25-15.14.36:848][  0]LogWindows:    8. 'Virtual Display Adapter' (P:0 D:0)
[2023.10.25-15.14.36:848][  0]LogWindows:    9. 'Virtual Display Adapter' (P:0 D:0)
[2023.10.25-15.14.36:849][  0]LogWindows:    10. 'Virtual Display Adapter' (P:0 D:0)
[2023.10.25-15.14.36:849][  0]LogWindows:    11. 'Virtual Display Adapter' (P:0 D:0)
[2023.10.25-15.14.36:849][  0]LogWindows:    12. 'Virtual Display Adapter' (P:0 D:0)
[2023.10.25-15.14.36:849][  0]LogWindows:    13. 'Virtual Display Adapter' (P:0 D:0)
[2023.10.25-15.14.36:850][  0]LogWindows:    14. 'Virtual Display Adapter' (P:0 D:0)
[2023.10.25-15.14.36:850][  0]LogWindows:    15. 'Virtual Display Adapter' (P:0 D:0)
[2023.10.25-15.14.36:850][  0]LogWindows:    16. 'Virtual Display Adapter' (P:0 D:0)
[2023.10.25-15.14.36:850][  0]LogWindows:    17. 'Virtual Display Adapter' (P:0 D:0)
[2023.10.25-15.14.36:851][  0]LogWindows:    18. 'Virtual Display Adapter' (P:0 D:0)
[2023.10.25-15.14.36:851][  0]LogWindows:    19. 'Virtual Display Adapter' (P:0 D:0)
[2023.10.25-15.14.36:851][  0]LogWindows: DebugString: GetVideoDriverDetailsInvalid PrimaryIsNotTheChoosenAdapter GetVideoDriverDetailsInvalid PrimaryIsNotTheChoosenAdapter GetVideoDriverDetailsInvalid PrimaryIsNotTheChoosenAdapter GetVideoDriverDetailsInvalid PrimaryIsNotTheChoosenAdapter GetVideoDriverDetailsInvalid PrimaryIsNotTheChoosenAdapter GetVideoDriverDetailsInvalid PrimaryIsNotTheChoosenAdapter GetVideoDriverDetailsInvalid PrimaryIsNotTheChoosenAdapter GetVideoDriverDetailsInvalid PrimaryIsNotTheChoosenAdapter GetVideoDriverDetailsInvalid PrimaryIsNotTheChoosenAdapter GetVideoDriverDetailsInvalid PrimaryIsNotTheChoosenAdapter GetVideoDriverDetailsInvalid PrimaryIsNotTheChoosenAdapter GetVideoDriverDetailsInvalid PrimaryIsNotTheChoosenAdapter GetVideoDriverDetailsInvalid PrimaryIsNotTheChoosenAdapter GetVideoDriverDetailsInvalid PrimaryIsNotTheChoosenAdapter GetVideoDriverDetailsInvalid PrimaryIsNotTheChoosenAdapter GetVideoDriverDetailsInvalid PrimaryIsNotTheChoosenAdapter FoundDriverCount:4 
[2023.10.25-15.14.36:851][  0]LogD3D11RHI:     Adapter Name: NVIDIA GeForce GTX 1080
[2023.10.25-15.14.36:851][  0]LogD3D11RHI:   Driver Version: 537.58 (internal:31.0.15.3758, unified:537.58)
[2023.10.25-15.14.36:851][  0]LogD3D11RHI:      Driver Date: 10-4-2023
[2023.10.25-15.14.36:851][  0]LogRHI: Texture pool is 5650 MB (70% of 8072 MB)
[2023.10.25-15.14.36:851][  0]LogD3D11RHI: Creating D3DDevice using adapter:
[2023.10.25-15.14.36:851][  0]LogD3D11RHI:     Description : NVIDIA GeForce GTX 1080
[2023.10.25-15.14.36:851][  0]LogD3D11RHI:     VendorId    : 10de
[2023.10.25-15.14.36:851][  0]LogD3D11RHI:     DeviceId    : 1b80
[2023.10.25-15.14.36:851][  0]LogD3D11RHI:     SubSysId    : 119e10de
[2023.10.25-15.14.36:851][  0]LogD3D11RHI:     Revision    : 00a1
[2023.10.25-15.14.36:851][  0]LogD3D11RHI:     DedicatedVideoMemory : 8464105472 bytes
[2023.10.25-15.14.36:851][  0]LogD3D11RHI:     DedicatedSystemMemory : 0 bytes
[2023.10.25-15.14.36:851][  0]LogD3D11RHI:     SharedSystemMemory : 34305406976 bytes
[2023.10.25-15.14.36:851][  0]LogD3D11RHI:     AdapterLuid : 0 186399443
[2023.10.25-15.14.36:939][  0]LogD3D11RHI: RHI has support for 64 bit atomics
[2023.10.25-15.14.36:939][  0]LogD3D11RHI: Async texture creation enabled
[2023.10.25-15.14.36:939][  0]LogD3D11RHI: Array index from any shader is supported
[2023.10.25-15.14.36:945][  0]LogD3D11RHI: HDR output is supported on display 1 (NvId: 0x80061082).
[2023.10.25-15.14.36:970][  0]LogD3D11RHI: GPU Timing Frequency: 1000.000000 (Debug: 2 1)
[2023.10.25-15.14.37:018][  0]LogRHI: GeForceNow SDK initialized: 1
[2023.10.25-15.14.37:333][  0]LogTargetPlatformManager: Display: Loaded TargetPlatform 'AllDesktop'
[2023.10.25-15.14.37:357][  0]LogTargetPlatformManager: Display: Loaded TargetPlatform 'Android'
[2023.10.25-15.14.37:357][  0]LogTargetPlatformManager: Display: Loaded TargetPlatform 'Android_ASTC'
[2023.10.25-15.14.37:357][  0]LogTargetPlatformManager: Display: Loaded TargetPlatform 'Android_DXT'
[2023.10.25-15.14.37:357][  0]LogTargetPlatformManager: Display: Loaded TargetPlatform 'Android_ETC2'
[2023.10.25-15.14.37:357][  0]LogTargetPlatformManager: Display: Loaded TargetPlatform 'AndroidClient'
[2023.10.25-15.14.37:357][  0]LogTargetPlatformManager: Display: Loaded TargetPlatform 'Android_ASTCClient'
[2023.10.25-15.14.37:357][  0]LogTargetPlatformManager: Display: Loaded TargetPlatform 'Android_DXTClient'
[2023.10.25-15.14.37:357][  0]LogTargetPlatformManager: Display: Loaded TargetPlatform 'Android_ETC2Client'
[2023.10.25-15.14.37:357][  0]LogTargetPlatformManager: Display: Loaded TargetPlatform 'Android_Multi'
[2023.10.25-15.14.37:357][  0]LogTargetPlatformManager: Display: Loaded TargetPlatform 'Android_MultiClient'
[2023.10.25-15.14.37:378][  0]LogTargetPlatformManager: Display: Loaded TargetPlatform 'IOSClient'
[2023.10.25-15.14.37:378][  0]LogTargetPlatformManager: Display: Loaded TargetPlatform 'IOS'
[2023.10.25-15.14.37:389][  0]LogTargetPlatformManager: Display: Loaded TargetPlatform 'Linux'
[2023.10.25-15.14.37:393][  0]LogTargetPlatformManager: Display: Loaded TargetPlatform 'LinuxNoEditor'
[2023.10.25-15.14.37:399][  0]LogTargetPlatformManager: Display: Loaded TargetPlatform 'LinuxClient'
[2023.10.25-15.14.37:404][  0]LogTargetPlatformManager: Display: Loaded TargetPlatform 'LinuxServer'
[2023.10.25-15.14.37:414][  0]LogTargetPlatformManager: Display: Loaded TargetPlatform 'LinuxAArch64NoEditor'
[2023.10.25-15.14.37:419][  0]LogTargetPlatformManager: Display: Loaded TargetPlatform 'LinuxAArch64Client'
[2023.10.25-15.14.37:424][  0]LogTargetPlatformManager: Display: Loaded TargetPlatform 'LinuxAArch64Server'
[2023.10.25-15.14.37:450][  0]LogTargetPlatformManager: Display: Loaded TargetPlatform 'Lumin'
[2023.10.25-15.14.37:450][  0]LogTargetPlatformManager: Display: Loaded TargetPlatform 'LuminClient'
[2023.10.25-15.14.37:459][  0]LogTargetPlatformManager: Display: Loaded TargetPlatform 'MacNoEditor'
[2023.10.25-15.14.37:464][  0]LogTargetPlatformManager: Display: Loaded TargetPlatform 'Mac'
[2023.10.25-15.14.37:470][  0]LogTargetPlatformManager: Display: Loaded TargetPlatform 'MacClient'
[2023.10.25-15.14.37:475][  0]LogTargetPlatformManager: Display: Loaded TargetPlatform 'MacServer'
[2023.10.25-15.14.37:486][  0]LogTargetPlatformManager: Display: Loaded TargetPlatform 'TVOSClient'
[2023.10.25-15.14.37:486][  0]LogTargetPlatformManager: Display: Loaded TargetPlatform 'TVOS'
[2023.10.25-15.14.37:496][  0]LogTargetPlatformManager: Display: Loaded TargetPlatform 'WindowsNoEditor'
[2023.10.25-15.14.37:501][  0]LogTargetPlatformManager: Display: Loaded TargetPlatform 'Windows'
[2023.10.25-15.14.37:507][  0]LogTargetPlatformManager: Display: Loaded TargetPlatform 'WindowsClient'
[2023.10.25-15.14.37:512][  0]LogTargetPlatformManager: Display: Loaded TargetPlatform 'WindowsServer'
[2023.10.25-15.14.37:512][  0]LogTargetPlatformManager: Display: Building Assets For Windows
[2023.10.25-15.14.37:520][  0]LogAudioDebug: Display: Lib vorbis DLL was dynamically loaded.
[2023.10.25-15.14.37:558][  0]LogTextureFormatOodle: Display: Oodle Texture 2.9.0 init RDO Off
[2023.10.25-15.14.37:596][  0]LogRendererCore: Ray tracing is disabled. Reason: r.RayTracing=0.
[2023.10.25-15.14.37:596][  0]LogShaderCompilers: Guid format shader working directory is 3 characters bigger than the processId version (../../../../../../Research/Experiment 4.27/Intermediate/Shaders/WorkingDirectory/28372/).
[2023.10.25-15.14.37:596][  0]LogShaderCompilers: Cleaned the shader compiler working directory 'C:/Users/maciv/AppData/Local/Temp/UnrealShaderWorkingDir/AF1A23AB496DA765ED4072AEAC664DBF/'.
[2023.10.25-15.14.37:597][  0]LogXGEController: Cannot use XGE Controller as Incredibuild is not installed on this machine.
[2023.10.25-15.14.37:597][  0]LogShaderCompilers: Cannot use XGE Shader Compiler as Incredibuild is not installed on this machine.
[2023.10.25-15.14.37:597][  0]LogShaderCompilers: Display: Using Local Shader Compiler.
[2023.10.25-15.14.38:455][  0]LogDerivedDataCache: Display: Max Cache Size: 512 MB
[2023.10.25-15.14.38:527][  0]LogDerivedDataCache: Loaded boot cache 0.07s 98MB C:/Users/maciv/AppData/Local/UnrealEngine/4.27/DerivedDataCache/Boot.ddc.
[2023.10.25-15.14.38:527][  0]LogDerivedDataCache: Display: Loaded Boot cache: C:/Users/maciv/AppData/Local/UnrealEngine/4.27/DerivedDataCache/Boot.ddc
[2023.10.25-15.14.38:527][  0]LogDerivedDataCache: FDerivedDataBackendGraph:  Pak pak cache file ../../../../../../Research/Experiment 4.27/DerivedDataCache/DDC.ddp not found, will not use a pak cache.
[2023.10.25-15.14.38:527][  0]LogDerivedDataCache: Unable to find inner node Pak for hierarchical cache Hierarchy.
[2023.10.25-15.14.38:527][  0]LogDerivedDataCache: FDerivedDataBackendGraph:  CompressedPak pak cache file ../../../../../../Research/Experiment 4.27/DerivedDataCache/Compressed.ddp not found, will not use a pak cache.
[2023.10.25-15.14.38:527][  0]LogDerivedDataCache: Unable to find inner node CompressedPak for hierarchical cache Hierarchy.
[2023.10.25-15.14.38:546][  0]LogDerivedDataCache: Display: Pak cache opened for reading ../../../Engine/DerivedDataCache/Compressed.ddp.
[2023.10.25-15.14.38:546][  0]LogDerivedDataCache: FDerivedDataBackendGraph:  EnterprisePak pak cache file ../../../Enterprise/DerivedDataCache/Compressed.ddp not found, will not use a pak cache.
[2023.10.25-15.14.38:547][  0]LogDerivedDataCache: Unable to find inner node EnterprisePak for hierarchical cache Hierarchy.
[2023.10.25-15.14.38:554][  0]LogDerivedDataCache: Speed tests for C:/Users/maciv/AppData/Local/UnrealEngine/Common/DerivedDataCache took 0.01 seconds
[2023.10.25-15.14.38:554][  0]LogDerivedDataCache: Display: Performance to C:/Users/maciv/AppData/Local/UnrealEngine/Common/DerivedDataCache: Latency=0.03ms. RandomReadSpeed=943.94MBs, RandomWriteSpeed=148.05MBs. Assigned SpeedClass 'Local'
[2023.10.25-15.14.38:555][  0]LogDerivedDataCache: Using Local data cache path C:/Users/maciv/AppData/Local/UnrealEngine/Common/DerivedDataCache: Writable
[2023.10.25-15.14.38:555][  0]LogDerivedDataCache: Shared data cache path not found in *engine.ini, will not use an Shared cache.
[2023.10.25-15.14.38:555][  0]LogDerivedDataCache: Unable to find inner node Shared for hierarchical cache Hierarchy.
[2023.10.25-15.14.38:609][  0]LogSlate: Using FreeType 2.10.0
[2023.10.25-15.14.38:610][  0]LogSlate: SlateFontServices - WITH_FREETYPE: 1, WITH_HARFBUZZ: 1
[2023.10.25-15.14.38:638][  0]LogAssetRegistry: FAssetRegistry took 0.0033 seconds to start up
[2023.10.25-15.14.38:905][  0]LogInit: Selected Device Profile: [Windows]
[2023.10.25-15.14.38:905][  0]LogInit: Active device profile: [000001AC487FCD00][000001AC49500CC0 49] Windows
[2023.10.25-15.14.38:905][  0]LogInit: Profiles: [000001AC487FCD00][000001AC49500CC0 49] Windows, [000001AC487C2300][000001AC4789EE40 49] WindowsNoEditor, [000001AC487FDC00][000001AC478A2FC0 49] WindowsServer, [000001AC487C3100][000001AC47A17140 49] WindowsClient, [000001AC487FE900][000001AC478B72C0 49] IOS, [000001AC487C1A00][000001AC478B3440 49] iPadAir, [000001AC487FFE00][000001AC47E2B5C0 49] iPadAir2, [000001AC48771000][000001AC4944B880 49] IPadPro, [000001AC48771100][000001AC47E238C0 49] iPadAir3, [000001AC487C0C00][000001AC478A7A40 49] iPadAir4, [000001AC48771D00][000001AC478ABBC0 49] iPadMini2, [000001AC487C3300][000001AC478AE1C0 49] iPadMini3, [000001AC48773800][000001AC4784A340 49] iPadMini4, [000001AC487C1000][000001AC4784E4C0 49] iPadMini5, [000001AC4877CA00][000001AC47852700 49] iPhone6, [000001AC4877CB00][000001AC49494740 49] iPodTouch6, [000001AC487FED00][000001AC4785A980 49] iPhone7, [000001AC487FEE00][000001AC478569C0 49] iPodTouch7, [000001AC48772300][000001AC47862B40 49] iPhone5S, [000001AC487FD000][000001AC47866CC0 49] iPhone6Plus, [000001AC4877C100][000001AC4786AE40 49] iPhone6S, [000001AC48770300][000001AC4786EFC0 49] iPhone6SPlus, [000001AC4877E900][000001AC49499140 49] iPhone7Plus, [000001AC48772100][000001AC4949D2C0 49] iPhoneSE, [000001AC4877E700][000001AC494A1440 49] iPhone8, [000001AC48770700][000001AC494A55C0 49] iPhone8Plus, [000001AC4877F200][000001AC494A9740 49] iPhoneX, [000001AC487FD500][000001AC494AD8C0 49] iPhoneXS, [000001AC4877EC00][000001AC494B1A40 49] iPhoneXSMax, [000001AC487FDA00][000001AC494B5BC0 49] iPhoneXR, [000001AC4877C600][000001AC494B81C0 49] iPhone11, [000001AC487FEA00][000001AC494BC340 49] iPhone11Pro, [000001AC4877DB00][000001AC494C04C0 49] iPhone11ProMax, [000001AC487FCF00][000001AC494C4640 49] iPhoneSE2, [000001AC4877FB00][000001AC4785E780 49] iPhone12Mini, [000001AC487FE300][000001AC494C88C0 49] iPhone12, [000001AC4877CC00][000001AC494CCA00 49] iPhone12Pro, [000001AC487FFF00][000001AC494D0B40 49] iPhone12ProMax, [000001AC4877D600][000001AC47A84CC0 49] iPadPro105, [000001AC487FC900][000001AC47A88E40 49] iPadPro129, [000001AC4877FE00][000001AC47A8CFC0 49] iPadPro97, [000001AC487FF700][000001AC47A91140 49] iPadPro2_129, [000001AC4877ED00][000001AC47A952C0 49] iPad5, [000001AC487FE100][000001AC47A99440 49] iPad6, [000001AC4877D200][000001AC47A9D5C0 49] iPad7, [000001AC487FD100][000001AC47AA1740 49] iPad8, [000001AC4877C400][000001AC47AA58C0 49] iPadPro11, [000001AC487FC700][000001AC47AA9A40 49] iPadPro2_11, [000001AC4877D700][000001AC47AADBC0 49] iPadPro3_129, [000001AC487FF800][000001AC47AB01C0 49] iPadPro4_129, [000001AC4877F300][000001AC47AB4340 49] AppleTV, [000001AC487FE600][000001AC47AB84C0 49] AppleTV4K, [000001AC4877EB00][000001AC47ABC640 49] TVOS, [000001AC487FCA00][000001AC47AC07C0 49] Mac, [000001AC4877D400][000001AC47AC4940 49] MacClient, [000001AC487FDD00][000001AC47A80A80 49] MacNoEditor, [000001AC4877F600][000001AC47AC8BC0 49] MacServer, [000001AC487FD200][000001AC47ACCD00 49] Linux, [000001AC4877DD00][000001AC47AD4E80 49] LinuxAArch64, [000001AC487FEB00][000001AC47AD9000 49] LinuxNoEditor, [000001AC4877E400][000001AC47ADD180 49] LinuxAArch64NoEditor, [000001AC487FC600][000001AC47AE1300 49] LinuxClient, [000001AC4877F800][000001AC47AE5480 49] LinuxAArch64Client, [000001AC487FE700][000001AC47AE9600 49] LinuxServer, [000001AC4877EA00][000001AC47C1B780 49] LinuxAArch64Server, [000001AC487FF400][000001AC47C1F900 49] Android, [000001AC4877F400][000001AC47C23A80 49] Android_Low, [000001AC487FD600][000001AC47C27C00 49] Android_Mid, [000001AC4877F900][000001AC47C2A200 49] Android_High, [000001AC487FFD00][000001AC47C2E380 49] Android_Default, [000001AC4877E600][000001AC47C32500 49] Android_Adreno4xx, [000001AC487FCE00][000001AC47C36680 49] Android_Adreno5xx_Low, [000001AC4877D000][000001AC47C3A800 49] Android_Adreno5xx, [000001AC487FD300][000001AC47C3E980 49] Android_Adreno6xx, [000001AC487C0500][000001AC47C42B00 49] Android_Adreno6xx_Vulkan, [000001AC48772000][000001AC47AD0C40 49] Android_Mali_T6xx, [000001AC487C0600][000001AC47C46D80 49] Android_Mali_T7xx, [000001AC48770100][000001AC47C4AEC0 49] Android_Mali_T8xx, [000001AC487C0100][000001AC47C53040 49] Android_Mali_G71, [000001AC48773300][000001AC47C571C0 49] Android_Mali_G72, [000001AC487C1500][000001AC47C5B340 49] Android_Mali_G72_Vulkan, [000001AC48771700][000001AC47C5F4C0 49] Android_Mali_G76, [000001AC487C3800][000001AC47C63640 49] Android_Mali_G76_Vulkan, [000001AC48772900][000001AC47C677C0 49] Android_Mali_G77, [000001AC487C3C00][000001AC47C6B940 49] Android_Mali_G77_Vulkan, [000001AC48771500][000001AC47C6FAC0 49] Android_Mali_G78, [000001AC487C2200][000001AC47C720C0 49] Android_Mali_G78_Vulkan, [000001AC48770400][000001AC47C76240 49] Android_Mali_G710, [000001AC487C0300][000001AC47C7A3C0 49] Android_Mali_G710_Vulkan, [000001AC48770200][000001AC47C7E540 49] Android_Vulkan_SM5, [000001AC487C0700][000001AC47C826C0 49] Android_PowerVR_G6xxx, [000001AC48772400][000001AC47C86840 49] Android_PowerVR_GT7xxx, [000001AC487C2800][000001AC47C8A9C0 49] Android_PowerVR_GE8xxx, [000001AC48771400][000001AC47C8EB40 49] Android_PowerVR_GM9xxx, [000001AC487C0200][000001AC47C92CC0 49] Android_PowerVR_GM9xxx_Vulkan, [000001AC48772600][000001AC47C4EE00 49] Android_TegraK1, [000001AC487C3A00][000001AC47C96F40 49] Android_Unknown_Vulkan, [000001AC48773B00][000001AC47C9B080 49] Lumin, [000001AC487C3F00][000001AC47C9F1C0 49] Lumin_Desktop, [000001AC48770B00][000001AC47CA7340 49] HoloLens, 
[2023.10.25-15.14.39:054][  0]LogMeshReduction: Using QuadricMeshReduction for automatic static mesh reduction
[2023.10.25-15.14.39:054][  0]LogMeshReduction: Using SimplygonMeshReduction for automatic skeletal mesh reduction
[2023.10.25-15.14.39:054][  0]LogMeshReduction: Using ProxyLODMeshReduction for automatic mesh merging
[2023.10.25-15.14.39:054][  0]LogMeshReduction: No distributed automatic mesh merging module available
[2023.10.25-15.14.39:054][  0]LogMeshMerging: No distributed automatic mesh merging module available
[2023.10.25-15.14.39:077][  0]LogNetVersion: Experiment 1.0.0, NetCL: 17155196, EngineNetVer: 17, GameNetVer: 0 (Checksum: 2420250732)
[2023.10.25-15.14.39:495][  0]LogTexture: Default maximum texture size for cubemaps generated from long-lat sources has been changed from 512 to unlimited. In order to preserve old behaiour for '/Engine/MapTemplates/Sky/DaylightAmbientCubemap.DaylightAmbientCubemap', its maximum texture size has been explicitly set to 512.
[2023.10.25-15.14.39:566][  0]LogUObjectArray: 17114 objects as part of root set at end of initial load.
[2023.10.25-15.14.39:566][  0]LogUObjectAllocator: 4283408 out of 0 bytes used by permanent object pool.
[2023.10.25-15.14.39:566][  0]LogUObjectArray: CloseDisregardForGC: 0/0 objects in disregard for GC pool
[2023.10.25-15.14.39:879][  0]LogNiagaraDebuggerClient: Niagara Debugger Client Initialized | Session: D8D68A284A8983BC07108B8E7F469275 | Instance: C09B240F4CADEBF3DCA2839B4C6C9322 (MACLABVR-28372).
[2023.10.25-15.14.39:921][  0]LogPython: Using Python 3.7.7
[2023.10.25-15.14.40:634][  0]LogTcpMessaging: Initializing TcpMessaging bridge
[2023.10.25-15.14.40:639][  0]LogUdpMessaging: Initializing bridge on interface 0.0.0.0:0 to multicast group 230.0.0.1:6666.
[2023.10.25-15.14.40:933][  0]SourceControl: Source control is disabled
[2023.10.25-15.14.40:934][  0]SourceControl: Source control is disabled
[2023.10.25-15.14.40:937][  0]SourceControl: Source control is disabled
[2023.10.25-15.14.40:945][  0]SourceControl: Source control is disabled
[2023.10.25-15.14.40:953][  0]SourceControl: Source control is disabled
[2023.10.25-15.14.40:957][  0]LogUProjectInfo: Found projects:
[2023.10.25-15.14.41:197][  0]LogOpenImageDenoise: OIDN starting up
[2023.10.25-15.14.41:248][  0]LogAndroidPermission: UAndroidPermissionCallbackProxy::GetInstance
[2023.10.25-15.14.41:263][  0]LogAudioCaptureCore: Display: No Audio Capture implementations found. Audio input will be silent.
[2023.10.25-15.14.41:263][  0]LogAudioCaptureCore: Display: No Audio Capture implementations found. Audio input will be silent.
[2023.10.25-15.14.41:417][  0]LogCollectionManager: Loaded 0 collections in 0.002528 seconds
[2023.10.25-15.14.41:492][  0]LogFileCache: Scanning file cache for directory 'C:/Research/Experiment 4.27/Saved/Collections/' took 0.00s
[2023.10.25-15.14.41:492][  0]LogFileCache: Scanning file cache for directory 'C:/Research/Experiment 4.27/Content/Developers/maciv/Collections/' took 0.00s
[2023.10.25-15.14.41:492][  0]LogFileCache: Scanning file cache for directory 'C:/Research/Experiment 4.27/Content/Collections/' took 0.00s
[2023.10.25-15.14.41:492][  0]LogClass: Warning: StrProperty FMessage::id is not initialized properly even though its struct probably has a custom default constructor. Module:TCPMessages File:Public/MessageClient.h
[2023.10.25-15.14.41:492][  0]LogClass: Display: IntProperty FMessagePart::seq is not initialized properly. Module:TCPMessages File:Public/MessageClient.h
[2023.10.25-15.14.41:492][  0]LogClass: Display: IntProperty FMessagePart::parts is not initialized properly. Module:TCPMessages File:Public/MessageClient.h
[2023.10.25-15.14.41:492][  0]LogClass: Display: FloatProperty FTransformation::size is not initialized properly. Module:ExperimentPlugin File:Public/Structs.h
[2023.10.25-15.14.41:492][  0]LogClass: Display: FloatProperty FTransformation::rotation is not initialized properly. Module:ExperimentPlugin File:Public/Structs.h
[2023.10.25-15.14.41:492][  0]LogClass: Display: IntProperty FShape::sides is not initialized properly. Module:ExperimentPlugin File:Public/Structs.h
[2023.10.25-15.14.41:492][  0]LogClass: Display: FloatProperty FLocation::x is not initialized properly. Module:ExperimentPlugin File:Public/Structs.h
[2023.10.25-15.14.41:492][  0]LogClass: Display: FloatProperty FLocation::y is not initialized properly. Module:ExperimentPlugin File:Public/Structs.h
[2023.10.25-15.14.41:492][  0]LogClass: Display: FloatProperty FUpdateGhostMovementMessage::forward is not initialized properly. Module:ExperimentPlugin File:Public/Structs.h
[2023.10.25-15.14.41:492][  0]LogClass: Display: FloatProperty FUpdateGhostMovementMessage::rotation is not initialized properly. Module:ExperimentPlugin File:Public/Structs.h
[2023.10.25-15.14.41:492][  0]LogClass: Display: IntProperty FFinishEpisodeResponse::participant_id is not initialized properly. Module:ExperimentPlugin File:Public/Structs.h
[2023.10.25-15.14.41:492][  0]LogClass: Display: IntProperty FFinishEpisodeRequest::participant_id is not initialized properly. Module:ExperimentPlugin File:Public/Structs.h
[2023.10.25-15.14.41:492][  0]LogClass: Display: IntProperty FStartEpisodeRequest::participant_id is not initialized properly. Module:ExperimentPlugin File:Public/Structs.h
[2023.10.25-15.14.41:492][  0]LogClass: Display: FloatProperty FAgentState::time_stamp is not initialized properly. Module:ExperimentPlugin File:Public/Structs.h
[2023.10.25-15.14.41:492][  0]LogClass: Display: IntProperty FAgentState::frame is not initialized properly. Module:ExperimentPlugin File:Public/Structs.h
[2023.10.25-15.14.41:492][  0]LogClass: Display: FloatProperty FRotation3::roll is not initialized properly. Module:ExperimentPlugin File:Public/Structs.h
[2023.10.25-15.14.41:493][  0]LogClass: Display: FloatProperty FRotation3::pitch is not initialized properly. Module:ExperimentPlugin File:Public/Structs.h
[2023.10.25-15.14.41:493][  0]LogClass: Display: FloatProperty FRotation3::yaw is not initialized properly. Module:ExperimentPlugin File:Public/Structs.h
[2023.10.25-15.14.41:493][  0]LogClass: Display: FloatProperty FLocation3::x is not initialized properly. Module:ExperimentPlugin File:Public/Structs.h
[2023.10.25-15.14.41:493][  0]LogClass: Display: FloatProperty FLocation3::y is not initialized properly. Module:ExperimentPlugin File:Public/Structs.h
[2023.10.25-15.14.41:493][  0]LogClass: Display: FloatProperty FLocation3::z is not initialized properly. Module:ExperimentPlugin File:Public/Structs.h
[2023.10.25-15.14.41:493][  0]LogClass: Display: IntProperty FCoordinates::x is not initialized properly. Module:ExperimentPlugin File:Public/Structs.h
[2023.10.25-15.14.41:493][  0]LogClass: Display: IntProperty FCoordinates::y is not initialized properly. Module:ExperimentPlugin File:Public/Structs.h
[2023.10.25-15.14.41:493][  0]LogClass: Display: 23 Uninitialized script struct members found including 0 object properties
[2023.10.25-15.14.41:493][  0]LogAutomationTest: Warning: StrProperty FMessage::id is not initialized properly even though its struct probably has a custom default constructor. Module:TCPMessages File:Public/MessageClient.h
[2023.10.25-15.14.41:494][  0]LogEngine: Initializing Engine...
[2023.10.25-15.14.41:568][  0]LogHMD: Failed to initialize OpenVR with code 108
[2023.10.25-15.14.41:590][  0]LogHMD: Optional extension XR_VARJO_quad_views is not available
[2023.10.25-15.14.41:590][  0]LogHMD: Warning: Required extension XR_EXT_eye_gaze_interaction is not available
[2023.10.25-15.14.41:590][  0]LogHMD: Could not enable all required OpenXR extensions for OpenXREyeTracker on current system. This plugin will be loaded but ignored, but will be enabled on a target platform that supports the required extension.
[2023.10.25-15.14.41:641][  0]LogHMD: Failed to get an OpenXR system, result is XR_ERROR_FORM_FACTOR_UNAVAILABLE. Please check that your runtime supports VR headsets.
[2023.10.25-15.14.41:641][  0]LogMagicLeap: Warning: VR disabled because ZI is not enabled.  To enable, in the editor, Edit -> Project Settings -> Plugins -> Magic Leap Plugin -> Enable Zero Iteration
[2023.10.25-15.14.41:642][  0]LogStats: UGameplayTagsManager::InitializeManager -  0.000 s
[2023.10.25-15.14.41:781][  0]LogInit: Initializing FReadOnlyCVARCache
[2023.10.25-15.14.41:790][  0]LogAIModule: Creating AISystem for world Untitled
[2023.10.25-15.14.41:804][  0]LogAudio: Display: Initializing Audio Device Manager...
[2023.10.25-15.14.41:808][  0]LogAudio: Display: Loading Default Audio Settings Objects...
[2023.10.25-15.14.41:809][  0]LogAudio: Display: No default SoundConcurrencyObject specified (or failed to load).
[2023.10.25-15.14.41:809][  0]LogAudio: Display: Audio Device Manager Initialized
[2023.10.25-15.14.41:809][  0]LogAudio: Display: Creating Audio Device:                 Id: 1, Scope: Shared, Realtime: True
[2023.10.25-15.14.41:809][  0]LogAudioMixer: Display: Audio Mixer Platform Settings:
[2023.10.25-15.14.41:809][  0]LogAudioMixer: Display: 	Sample Rate:						  48000
[2023.10.25-15.14.41:809][  0]LogAudioMixer: Display: 	Callback Buffer Frame Size Requested: 1024
[2023.10.25-15.14.41:809][  0]LogAudioMixer: Display: 	Callback Buffer Frame Size To Use:	  1024
[2023.10.25-15.14.41:809][  0]LogAudioMixer: Display: 	Number of buffers to queue:			  2
[2023.10.25-15.14.41:809][  0]LogAudioMixer: Display: 	Max Channels (voices):				  32
[2023.10.25-15.14.41:809][  0]LogAudioMixer: Display: 	Number of Async Source Workers:		  0
[2023.10.25-15.14.41:809][  0]LogAudio: Display: AudioDevice MaxSources: 32
[2023.10.25-15.14.41:809][  0]LogAudio: Display: Audio Spatialization Plugin: None (built-in).
[2023.10.25-15.14.41:809][  0]LogAudio: Display: Audio Reverb Plugin: None (built-in).
[2023.10.25-15.14.41:810][  0]LogAudio: Display: Audio Occlusion Plugin: None (built-in).
[2023.10.25-15.14.41:810][  0]LogAudioMixer: Display: Initializing audio mixer.
[2023.10.25-15.14.41:823][  0]LogAudioMixer: Display: 0: FrontLeft
[2023.10.25-15.14.41:823][  0]LogAudioMixer: Display: 1: FrontRight
[2023.10.25-15.14.41:854][  0]LogAudioMixer: Display: Using Audio Device VG270 P (NVIDIA High Definition Audio)
[2023.10.25-15.14.41:857][  0]LogAudioMixer: Display: Initializing Sound Submixes...
[2023.10.25-15.14.41:859][  0]LogAudioMixer: Display: Creating Master Submix 'MasterSubmixDefault'
[2023.10.25-15.14.41:859][  0]LogAudioMixer: Display: Creating Master Submix 'MasterReverbSubmixDefault'
[2023.10.25-15.14.41:860][  0]LogAudioMixer: Display: Creating Master Submix 'MasterEQSubmixDefault'
[2023.10.25-15.14.41:860][  0]LogAudioMixer: FMixerPlatformXAudio2::StartAudioStream() called
[2023.10.25-15.14.41:860][  0]LogAudioMixer: Display: Output buffers initialized: Frames=1024, Channels=2, Samples=2048
[2023.10.25-15.14.41:861][  0]LogAudioMixer: Display: Starting AudioMixerPlatformInterface::RunInternal()
[2023.10.25-15.14.41:861][  0]LogAudioMixer: Display: FMixerPlatformXAudio2::SubmitBuffer() called for the first time
[2023.10.25-15.14.41:861][  0]LogInit: FAudioDevice initialized.
[2023.10.25-15.14.41:861][  0]LogAudio: Display: Audio Device (ID: 1) registered with world 'Untitled'.
[2023.10.25-15.14.41:861][  0]LogNetVersion: Set ProjectVersion to 1.0.0.0. Version Checksum will be recalculated on next use.
[2023.10.25-15.14.41:930][  0]LogDerivedDataCache: Saved boot cache 0.07s 98MB C:/Users/maciv/AppData/Local/UnrealEngine/4.27/DerivedDataCache/Boot.ddc.
[2023.10.25-15.14.41:931][  0]LogInit: Texture streaming: Enabled
[2023.10.25-15.14.41:944][  0]LogAnalytics: Display: [UEEditor.Rocket.Release] APIServer = https://datarouter.ol.epicgames.com/. AppVersion = 4.27.2-18319896+++UE4+Release-4.27
[2023.10.25-15.14.41:950][  0]LogEngineSessionManager: EngineSessionManager initialized
[2023.10.25-15.14.41:950][  0]LogEngineSessionManager: EngineSessionManager sent abnormal shutdown report. Type=Crashed, SessionId={6F8D568E-4572-AD6D-5E71-E7B03EE1E17C}
[2023.10.25-15.14.41:950][  0]LogEditorSessionSummary: Verbose: Initializing EditorSessionSummaryWriter for editor session tracking
[2023.10.25-15.14.41:954][  0]LogEditorSessionSummary: EditorSessionSummaryWriter initialized
[2023.10.25-15.14.41:987][  0]LogInit: Transaction tracking system initialized
[2023.10.25-15.14.42:011][  0]BlueprintLog: New page: Editor Load
[2023.10.25-15.14.42:077][  0]LocalizationService: Localization service is disabled
[2023.10.25-15.14.42:103][  0]TimingProfiler: Initialize
[2023.10.25-15.14.42:103][  0]TimingProfiler: OnSessionChanged
[2023.10.25-15.14.42:103][  0]LoadingProfiler: Initialize
[2023.10.25-15.14.42:103][  0]LoadingProfiler: OnSessionChanged
[2023.10.25-15.14.42:103][  0]NetworkingProfiler: Initialize
[2023.10.25-15.14.42:103][  0]NetworkingProfiler: OnSessionChanged
[2023.10.25-15.14.42:103][  0]MemoryProfiler: Initialize
[2023.10.25-15.14.42:103][  0]MemoryProfiler: OnSessionChanged
[2023.10.25-15.14.42:264][  0]LogCook: Display: CookSettings for Memory: MemoryMaxUsedVirtual 0MiB, MemoryMaxUsedPhysical 16384MiB, MemoryMinFreeVirtual 0MiB, MemoryMinFreePhysical 1024MiB
[2023.10.25-15.14.42:264][  0]LogCook: Display: Mobile HDR setting 0
[2023.10.25-15.14.42:464][  0]LogFileCache: Scanning file cache for directory 'C:/Research/Experiment 4.27/Content/' took 0.01s
[2023.10.25-15.14.42:649][  0]LogInit: Display: Engine is initialized. Leaving FEngineLoop::Init()
[2023.10.25-15.14.42:653][  0]SourceControl: Source control is disabled
[2023.10.25-15.14.42:653][  0]LogUnrealEdMisc: Loading editor; pre map load, took 7.746
[2023.10.25-15.14.42:653][  0]Cmd: MAP LOAD FILE="../../../../../../Research/Experiment 4.27/Content/FirstPersonCPP/Maps/FirstPersonExampleMap.umap" TEMPLATE=0 SHOWPROGRESS=1 FEATURELEVEL=3
[2023.10.25-15.14.42:653][  0]LightingResults: New page: Lighting Build
[2023.10.25-15.14.42:655][  0]LogWorld: UWorld::CleanupWorld for Untitled, bSessionEnded=true, bCleanupResources=true
[2023.10.25-15.14.42:655][  0]LogSlate: InvalidateAllWidgets triggered.  All widgets were invalidated
[2023.10.25-15.14.42:655][  0]MapCheck: New page: Map Check
[2023.10.25-15.14.42:655][  0]LightingResults: New page: Lighting Build
[2023.10.25-15.14.42:660][  0]LogAudio: Display: Audio Device unregistered from world 'None'.
[2023.10.25-15.14.42:664][  0]LogUObjectHash: Compacting FUObjectHashTables data took   0.95ms
[2023.10.25-15.14.43:590][  0]LogAudio: Display: Audio Device (ID: 1) registered with world 'FirstPersonExampleMap'.
[2023.10.25-15.14.43:591][  0]LogAIModule: Creating AISystem for world FirstPersonExampleMap
[2023.10.25-15.14.43:601][  0]LogEditorServer: Finished looking for orphan Actors (0.000 secs)
[2023.10.25-15.14.43:616][  0]LogUObjectHash: Compacting FUObjectHashTables data took   1.08ms
[2023.10.25-15.14.43:616][  0]Cmd: MAP CHECKDEP NOCLEARLOG
[2023.10.25-15.14.43:616][  0]MapCheck: Map check complete: 0 Error(s), 0 Warning(s), took 0.163ms to complete.
[2023.10.25-15.14.43:616][  0]LogFileHelpers: Loading map 'FirstPersonExampleMap' took 0.963
[2023.10.25-15.14.43:619][  0]LogUnrealEdMisc: Total Editor Startup Time, took 8.712
[2023.10.25-15.14.43:728][  0]LogSlate: Updating window title bar state: overlay mode, drag disabled, window buttons hidden, title bar hidden
[2023.10.25-15.14.43:735][  0]LogSlate: Updating window title bar state: overlay mode, drag disabled, window buttons hidden, title bar hidden
[2023.10.25-15.14.43:742][  0]LogSlate: Updating window title bar state: overlay mode, drag disabled, window buttons hidden, title bar hidden
[2023.10.25-15.14.43:749][  0]LogSlate: Updating window title bar state: overlay mode, drag disabled, window buttons hidden, title bar hidden
[2023.10.25-15.14.43:765][  0]LogNativeClassHierarchy: Verbose: Native class hierarchy populated in 0.0110 seconds. Added 3817 classes and 925 folders.
[2023.10.25-15.14.43:767][  0]LogNativeClassHierarchy: Verbose: Native class hierarchy updated for 'WidgetCarousel' in 0.0003 seconds. Added 0 classes and 0 folders.
[2023.10.25-15.14.43:769][  0]LogPakFile: PakFile PrimaryIndexSize=187
[2023.10.25-15.14.43:769][  0]LogPakFile: PakFile PathHashIndexSize=101
[2023.10.25-15.14.43:769][  0]LogPakFile: PakFile FullDirectoryIndexSize=148
[2023.10.25-15.14.43:769][  0]LogShaderLibrary: Display: ShaderCodeLibraryPakFileMountedCallback: PakFile 'C:/Program Files/Epic Games/UE_4.27/FeaturePacks/FP_FirstPerson.upack' (chunk index -1, root 'root:/') mounted
[2023.10.25-15.14.43:769][  0]LogShaderLibrary: Display: ShaderCodeLibraryPakFileMountedCallback: pending pak file info (ChunkID:-1 Root:root:/ File:C:/Program Files/Epic Games/UE_4.27/FeaturePacks/FP_FirstPerson.upack)
[2023.10.25-15.14.43:769][  0]LogPakFile: OnPakFileMounted2Time == 0.000064
[2023.10.25-15.14.43:770][  0]LogPakFile: PakFile PrimaryIndexSize=189
[2023.10.25-15.14.43:770][  0]LogPakFile: PakFile PathHashIndexSize=101
[2023.10.25-15.14.43:770][  0]LogPakFile: PakFile FullDirectoryIndexSize=152
[2023.10.25-15.14.43:770][  0]LogShaderLibrary: Display: ShaderCodeLibraryPakFileMountedCallback: PakFile 'C:/Program Files/Epic Games/UE_4.27/FeaturePacks/FP_FirstPersonBP.upack' (chunk index -1, root 'root:/') mounted
[2023.10.25-15.14.43:770][  0]LogShaderLibrary: Display: ShaderCodeLibraryPakFileMountedCallback: pending pak file info (ChunkID:-1 Root:root:/ File:C:/Program Files/Epic Games/UE_4.27/FeaturePacks/FP_FirstPersonBP.upack)
[2023.10.25-15.14.43:770][  0]LogPakFile: OnPakFileMounted2Time == 0.000043
[2023.10.25-15.14.43:770][  0]LogPakFile: PakFile PrimaryIndexSize=191
[2023.10.25-15.14.43:770][  0]LogPakFile: PakFile PathHashIndexSize=101
[2023.10.25-15.14.43:770][  0]LogPakFile: PakFile FullDirectoryIndexSize=160
[2023.10.25-15.14.43:770][  0]LogShaderLibrary: Display: ShaderCodeLibraryPakFileMountedCallback: PakFile 'C:/Program Files/Epic Games/UE_4.27/FeaturePacks/MobileStarterContent.upack' (chunk index -1, root 'root:/') mounted
[2023.10.25-15.14.43:770][  0]LogShaderLibrary: Display: ShaderCodeLibraryPakFileMountedCallback: pending pak file info (ChunkID:-1 Root:root:/ File:C:/Program Files/Epic Games/UE_4.27/FeaturePacks/MobileStarterContent.upack)
[2023.10.25-15.14.43:770][  0]LogPakFile: OnPakFileMounted2Time == 0.000041
[2023.10.25-15.14.43:771][  0]LogPakFile: PakFile PrimaryIndexSize=185
[2023.10.25-15.14.43:771][  0]LogPakFile: PakFile PathHashIndexSize=101
[2023.10.25-15.14.43:771][  0]LogPakFile: PakFile FullDirectoryIndexSize=148
[2023.10.25-15.14.43:771][  0]LogShaderLibrary: Display: ShaderCodeLibraryPakFileMountedCallback: PakFile 'C:/Program Files/Epic Games/UE_4.27/FeaturePacks/StarterContent.upack' (chunk index -1, root 'root:/') mounted
[2023.10.25-15.14.43:771][  0]LogShaderLibrary: Display: ShaderCodeLibraryPakFileMountedCallback: pending pak file info (ChunkID:-1 Root:root:/ File:C:/Program Files/Epic Games/UE_4.27/FeaturePacks/StarterContent.upack)
[2023.10.25-15.14.43:771][  0]LogPakFile: OnPakFileMounted2Time == 0.000039
[2023.10.25-15.14.43:772][  0]LogPakFile: PakFile PrimaryIndexSize=190
[2023.10.25-15.14.43:772][  0]LogPakFile: PakFile PathHashIndexSize=101
[2023.10.25-15.14.43:772][  0]LogPakFile: PakFile FullDirectoryIndexSize=154
[2023.10.25-15.14.43:772][  0]LogShaderLibrary: Display: ShaderCodeLibraryPakFileMountedCallback: PakFile 'C:/Program Files/Epic Games/UE_4.27/FeaturePacks/TP_2DSideScroller.upack' (chunk index -1, root 'root:/') mounted
[2023.10.25-15.14.43:772][  0]LogShaderLibrary: Display: ShaderCodeLibraryPakFileMountedCallback: pending pak file info (ChunkID:-1 Root:root:/ File:C:/Program Files/Epic Games/UE_4.27/FeaturePacks/TP_2DSideScroller.upack)
[2023.10.25-15.14.43:772][  0]LogPakFile: OnPakFileMounted2Time == 0.000037
[2023.10.25-15.14.43:772][  0]LogPakFile: PakFile PrimaryIndexSize=192
[2023.10.25-15.14.43:772][  0]LogPakFile: PakFile PathHashIndexSize=101
[2023.10.25-15.14.43:772][  0]LogPakFile: PakFile FullDirectoryIndexSize=158
[2023.10.25-15.14.43:772][  0]LogShaderLibrary: Display: ShaderCodeLibraryPakFileMountedCallback: PakFile 'C:/Program Files/Epic Games/UE_4.27/FeaturePacks/TP_2DSideScrollerBP.upack' (chunk index -1, root 'root:/') mounted
[2023.10.25-15.14.43:772][  0]LogShaderLibrary: Display: ShaderCodeLibraryPakFileMountedCallback: pending pak file info (ChunkID:-1 Root:root:/ File:C:/Program Files/Epic Games/UE_4.27/FeaturePacks/TP_2DSideScrollerBP.upack)
[2023.10.25-15.14.43:772][  0]LogPakFile: OnPakFileMounted2Time == 0.000040
[2023.10.25-15.14.43:773][  0]LogPakFile: PakFile PrimaryIndexSize=182
[2023.10.25-15.14.43:773][  0]LogPakFile: PakFile PathHashIndexSize=101
[2023.10.25-15.14.43:773][  0]LogPakFile: PakFile FullDirectoryIndexSize=138
[2023.10.25-15.14.43:773][  0]LogShaderLibrary: Display: ShaderCodeLibraryPakFileMountedCallback: PakFile 'C:/Program Files/Epic Games/UE_4.27/FeaturePacks/TP_Flying.upack' (chunk index -1, root 'root:/') mounted
[2023.10.25-15.14.43:773][  0]LogShaderLibrary: Display: ShaderCodeLibraryPakFileMountedCallback: pending pak file info (ChunkID:-1 Root:root:/ File:C:/Program Files/Epic Games/UE_4.27/FeaturePacks/TP_Flying.upack)
[2023.10.25-15.14.43:773][  0]LogPakFile: OnPakFileMounted2Time == 0.000038
[2023.10.25-15.14.43:774][  0]LogPakFile: PakFile PrimaryIndexSize=184
[2023.10.25-15.14.43:774][  0]LogPakFile: PakFile PathHashIndexSize=101
[2023.10.25-15.14.43:774][  0]LogPakFile: PakFile FullDirectoryIndexSize=142
[2023.10.25-15.14.43:774][  0]LogShaderLibrary: Display: ShaderCodeLibraryPakFileMountedCallback: PakFile 'C:/Program Files/Epic Games/UE_4.27/FeaturePacks/TP_FlyingBP.upack' (chunk index -1, root 'root:/') mounted
[2023.10.25-15.14.43:774][  0]LogShaderLibrary: Display: ShaderCodeLibraryPakFileMountedCallback: pending pak file info (ChunkID:-1 Root:root:/ File:C:/Program Files/Epic Games/UE_4.27/FeaturePacks/TP_FlyingBP.upack)
[2023.10.25-15.14.43:774][  0]LogPakFile: OnPakFileMounted2Time == 0.000037
[2023.10.25-15.14.43:774][  0]LogPakFile: PakFile PrimaryIndexSize=188
[2023.10.25-15.14.43:774][  0]LogPakFile: PakFile PathHashIndexSize=101
[2023.10.25-15.14.43:774][  0]LogPakFile: PakFile FullDirectoryIndexSize=150
[2023.10.25-15.14.43:774][  0]LogShaderLibrary: Display: ShaderCodeLibraryPakFileMountedCallback: PakFile 'C:/Program Files/Epic Games/UE_4.27/FeaturePacks/TP_HandheldARBP.upack' (chunk index -1, root 'root:/') mounted
[2023.10.25-15.14.43:774][  0]LogShaderLibrary: Display: ShaderCodeLibraryPakFileMountedCallback: pending pak file info (ChunkID:-1 Root:root:/ File:C:/Program Files/Epic Games/UE_4.27/FeaturePacks/TP_HandheldARBP.upack)
[2023.10.25-15.14.43:774][  0]LogPakFile: OnPakFileMounted2Time == 0.000037
[2023.10.25-15.14.43:775][  0]LogPakFile: PakFile PrimaryIndexSize=182
[2023.10.25-15.14.43:775][  0]LogPakFile: PakFile PathHashIndexSize=101
[2023.10.25-15.14.43:775][  0]LogPakFile: PakFile FullDirectoryIndexSize=138
[2023.10.25-15.14.43:775][  0]LogShaderLibrary: Display: ShaderCodeLibraryPakFileMountedCallback: PakFile 'C:/Program Files/Epic Games/UE_4.27/FeaturePacks/TP_Puzzle.upack' (chunk index -1, root 'root:/') mounted
[2023.10.25-15.14.43:775][  0]LogShaderLibrary: Display: ShaderCodeLibraryPakFileMountedCallback: pending pak file info (ChunkID:-1 Root:root:/ File:C:/Program Files/Epic Games/UE_4.27/FeaturePacks/TP_Puzzle.upack)
[2023.10.25-15.14.43:775][  0]LogPakFile: OnPakFileMounted2Time == 0.000038
[2023.10.25-15.14.43:776][  0]LogPakFile: PakFile PrimaryIndexSize=184
[2023.10.25-15.14.43:776][  0]LogPakFile: PakFile PathHashIndexSize=101
[2023.10.25-15.14.43:776][  0]LogPakFile: PakFile FullDirectoryIndexSize=142
[2023.10.25-15.14.43:776][  0]LogShaderLibrary: Display: ShaderCodeLibraryPakFileMountedCallback: PakFile 'C:/Program Files/Epic Games/UE_4.27/FeaturePacks/TP_PuzzleBP.upack' (chunk index -1, root 'root:/') mounted
[2023.10.25-15.14.43:776][  0]LogShaderLibrary: Display: ShaderCodeLibraryPakFileMountedCallback: pending pak file info (ChunkID:-1 Root:root:/ File:C:/Program Files/Epic Games/UE_4.27/FeaturePacks/TP_PuzzleBP.upack)
[2023.10.25-15.14.43:776][  0]LogPakFile: OnPakFileMounted2Time == 0.000037
[2023.10.25-15.14.43:776][  0]LogPakFile: PakFile PrimaryIndexSize=183
[2023.10.25-15.14.43:776][  0]LogPakFile: PakFile PathHashIndexSize=101
[2023.10.25-15.14.43:776][  0]LogPakFile: PakFile FullDirectoryIndexSize=140
[2023.10.25-15.14.43:776][  0]LogShaderLibrary: Display: ShaderCodeLibraryPakFileMountedCallback: PakFile 'C:/Program Files/Epic Games/UE_4.27/FeaturePacks/TP_Rolling.upack' (chunk index -1, root 'root:/') mounted
[2023.10.25-15.14.43:776][  0]LogShaderLibrary: Display: ShaderCodeLibraryPakFileMountedCallback: pending pak file info (ChunkID:-1 Root:root:/ File:C:/Program Files/Epic Games/UE_4.27/FeaturePacks/TP_Rolling.upack)
[2023.10.25-15.14.43:776][  0]LogPakFile: OnPakFileMounted2Time == 0.000037
[2023.10.25-15.14.43:777][  0]LogPakFile: PakFile PrimaryIndexSize=185
[2023.10.25-15.14.43:777][  0]LogPakFile: PakFile PathHashIndexSize=101
[2023.10.25-15.14.43:777][  0]LogPakFile: PakFile FullDirectoryIndexSize=144
[2023.10.25-15.14.43:777][  0]LogShaderLibrary: Display: ShaderCodeLibraryPakFileMountedCallback: PakFile 'C:/Program Files/Epic Games/UE_4.27/FeaturePacks/TP_RollingBP.upack' (chunk index -1, root 'root:/') mounted
[2023.10.25-15.14.43:777][  0]LogShaderLibrary: Display: ShaderCodeLibraryPakFileMountedCallback: pending pak file info (ChunkID:-1 Root:root:/ File:C:/Program Files/Epic Games/UE_4.27/FeaturePacks/TP_RollingBP.upack)
[2023.10.25-15.14.43:777][  0]LogPakFile: OnPakFileMounted2Time == 0.000037
[2023.10.25-15.14.43:778][  0]LogPakFile: PakFile PrimaryIndexSize=188
[2023.10.25-15.14.43:778][  0]LogPakFile: PakFile PathHashIndexSize=101
[2023.10.25-15.14.43:778][  0]LogPakFile: PakFile FullDirectoryIndexSize=150
[2023.10.25-15.14.43:778][  0]LogShaderLibrary: Display: ShaderCodeLibraryPakFileMountedCallback: PakFile 'C:/Program Files/Epic Games/UE_4.27/FeaturePacks/TP_SideScroller.upack' (chunk index -1, root 'root:/') mounted
[2023.10.25-15.14.43:778][  0]LogShaderLibrary: Display: ShaderCodeLibraryPakFileMountedCallback: pending pak file info (ChunkID:-1 Root:root:/ File:C:/Program Files/Epic Games/UE_4.27/FeaturePacks/TP_SideScroller.upack)
[2023.10.25-15.14.43:778][  0]LogPakFile: OnPakFileMounted2Time == 0.000037
[2023.10.25-15.14.43:778][  0]LogPakFile: PakFile PrimaryIndexSize=190
[2023.10.25-15.14.43:778][  0]LogPakFile: PakFile PathHashIndexSize=101
[2023.10.25-15.14.43:778][  0]LogPakFile: PakFile FullDirectoryIndexSize=154
[2023.10.25-15.14.43:778][  0]LogShaderLibrary: Display: ShaderCodeLibraryPakFileMountedCallback: PakFile 'C:/Program Files/Epic Games/UE_4.27/FeaturePacks/TP_SideScrollerBP.upack' (chunk index -1, root 'root:/') mounted
[2023.10.25-15.14.43:778][  0]LogShaderLibrary: Display: ShaderCodeLibraryPakFileMountedCallback: pending pak file info (ChunkID:-1 Root:root:/ File:C:/Program Files/Epic Games/UE_4.27/FeaturePacks/TP_SideScrollerBP.upack)
[2023.10.25-15.14.43:778][  0]LogPakFile: OnPakFileMounted2Time == 0.000042
[2023.10.25-15.14.43:779][  0]LogPakFile: PakFile PrimaryIndexSize=187
[2023.10.25-15.14.43:779][  0]LogPakFile: PakFile PathHashIndexSize=101
[2023.10.25-15.14.43:779][  0]LogPakFile: PakFile FullDirectoryIndexSize=148
[2023.10.25-15.14.43:779][  0]LogShaderLibrary: Display: ShaderCodeLibraryPakFileMountedCallback: PakFile 'C:/Program Files/Epic Games/UE_4.27/FeaturePacks/TP_ThirdPerson.upack' (chunk index -1, root 'root:/') mounted
[2023.10.25-15.14.43:779][  0]LogShaderLibrary: Display: ShaderCodeLibraryPakFileMountedCallback: pending pak file info (ChunkID:-1 Root:root:/ File:C:/Program Files/Epic Games/UE_4.27/FeaturePacks/TP_ThirdPerson.upack)
[2023.10.25-15.14.43:779][  0]LogPakFile: OnPakFileMounted2Time == 0.000038
[2023.10.25-15.14.43:780][  0]LogPakFile: PakFile PrimaryIndexSize=189
[2023.10.25-15.14.43:780][  0]LogPakFile: PakFile PathHashIndexSize=101
[2023.10.25-15.14.43:780][  0]LogPakFile: PakFile FullDirectoryIndexSize=152
[2023.10.25-15.14.43:780][  0]LogShaderLibrary: Display: ShaderCodeLibraryPakFileMountedCallback: PakFile 'C:/Program Files/Epic Games/UE_4.27/FeaturePacks/TP_ThirdPersonBP.upack' (chunk index -1, root 'root:/') mounted
[2023.10.25-15.14.43:780][  0]LogShaderLibrary: Display: ShaderCodeLibraryPakFileMountedCallback: pending pak file info (ChunkID:-1 Root:root:/ File:C:/Program Files/Epic Games/UE_4.27/FeaturePacks/TP_ThirdPersonBP.upack)
[2023.10.25-15.14.43:780][  0]LogPakFile: OnPakFileMounted2Time == 0.000037
[2023.10.25-15.14.43:780][  0]LogPakFile: PakFile PrimaryIndexSize=183
[2023.10.25-15.14.43:780][  0]LogPakFile: PakFile PathHashIndexSize=101
[2023.10.25-15.14.43:780][  0]LogPakFile: PakFile FullDirectoryIndexSize=140
[2023.10.25-15.14.43:780][  0]LogShaderLibrary: Display: ShaderCodeLibraryPakFileMountedCallback: PakFile 'C:/Program Files/Epic Games/UE_4.27/FeaturePacks/TP_TopDown.upack' (chunk index -1, root 'root:/') mounted
[2023.10.25-15.14.43:780][  0]LogShaderLibrary: Display: ShaderCodeLibraryPakFileMountedCallback: pending pak file info (ChunkID:-1 Root:root:/ File:C:/Program Files/Epic Games/UE_4.27/FeaturePacks/TP_TopDown.upack)
[2023.10.25-15.14.43:780][  0]LogPakFile: OnPakFileMounted2Time == 0.000045
[2023.10.25-15.14.43:781][  0]LogPakFile: PakFile PrimaryIndexSize=185
[2023.10.25-15.14.43:781][  0]LogPakFile: PakFile PathHashIndexSize=101
[2023.10.25-15.14.43:781][  0]LogPakFile: PakFile FullDirectoryIndexSize=144
[2023.10.25-15.14.43:781][  0]LogShaderLibrary: Display: ShaderCodeLibraryPakFileMountedCallback: PakFile 'C:/Program Files/Epic Games/UE_4.27/FeaturePacks/TP_TopDownBP.upack' (chunk index -1, root 'root:/') mounted
[2023.10.25-15.14.43:781][  0]LogShaderLibrary: Display: ShaderCodeLibraryPakFileMountedCallback: pending pak file info (ChunkID:-1 Root:root:/ File:C:/Program Files/Epic Games/UE_4.27/FeaturePacks/TP_TopDownBP.upack)
[2023.10.25-15.14.43:781][  0]LogPakFile: OnPakFileMounted2Time == 0.000036
[2023.10.25-15.14.43:781][  0]LogPakFile: PakFile PrimaryIndexSize=185
[2023.10.25-15.14.43:781][  0]LogPakFile: PakFile PathHashIndexSize=101
[2023.10.25-15.14.43:781][  0]LogPakFile: PakFile FullDirectoryIndexSize=144
[2023.10.25-15.14.43:782][  0]LogShaderLibrary: Display: ShaderCodeLibraryPakFileMountedCallback: PakFile 'C:/Program Files/Epic Games/UE_4.27/FeaturePacks/TP_TwinStick.upack' (chunk index -1, root 'root:/') mounted
[2023.10.25-15.14.43:782][  0]LogShaderLibrary: Display: ShaderCodeLibraryPakFileMountedCallback: pending pak file info (ChunkID:-1 Root:root:/ File:C:/Program Files/Epic Games/UE_4.27/FeaturePacks/TP_TwinStick.upack)
[2023.10.25-15.14.43:782][  0]LogPakFile: OnPakFileMounted2Time == 0.000040
[2023.10.25-15.14.43:782][  0]LogPakFile: PakFile PrimaryIndexSize=187
[2023.10.25-15.14.43:782][  0]LogPakFile: PakFile PathHashIndexSize=101
[2023.10.25-15.14.43:782][  0]LogPakFile: PakFile FullDirectoryIndexSize=148
[2023.10.25-15.14.43:782][  0]LogShaderLibrary: Display: ShaderCodeLibraryPakFileMountedCallback: PakFile 'C:/Program Files/Epic Games/UE_4.27/FeaturePacks/TP_TwinStickBP.upack' (chunk index -1, root 'root:/') mounted
[2023.10.25-15.14.43:782][  0]LogShaderLibrary: Display: ShaderCodeLibraryPakFileMountedCallback: pending pak file info (ChunkID:-1 Root:root:/ File:C:/Program Files/Epic Games/UE_4.27/FeaturePacks/TP_TwinStickBP.upack)
[2023.10.25-15.14.43:782][  0]LogPakFile: OnPakFileMounted2Time == 0.000037
[2023.10.25-15.14.43:783][  0]LogPakFile: PakFile PrimaryIndexSize=183
[2023.10.25-15.14.43:783][  0]LogPakFile: PakFile PathHashIndexSize=101
[2023.10.25-15.14.43:783][  0]LogPakFile: PakFile FullDirectoryIndexSize=140
[2023.10.25-15.14.43:783][  0]LogShaderLibrary: Display: ShaderCodeLibraryPakFileMountedCallback: PakFile 'C:/Program Files/Epic Games/UE_4.27/FeaturePacks/TP_Vehicle.upack' (chunk index -1, root 'root:/') mounted
[2023.10.25-15.14.43:783][  0]LogShaderLibrary: Display: ShaderCodeLibraryPakFileMountedCallback: pending pak file info (ChunkID:-1 Root:root:/ File:C:/Program Files/Epic Games/UE_4.27/FeaturePacks/TP_Vehicle.upack)
[2023.10.25-15.14.43:783][  0]LogPakFile: OnPakFileMounted2Time == 0.000037
[2023.10.25-15.14.43:783][  0]LogPakFile: PakFile PrimaryIndexSize=186
[2023.10.25-15.14.43:783][  0]LogPakFile: PakFile PathHashIndexSize=101
[2023.10.25-15.14.43:783][  0]LogPakFile: PakFile FullDirectoryIndexSize=146
[2023.10.25-15.14.43:783][  0]LogShaderLibrary: Display: ShaderCodeLibraryPakFileMountedCallback: PakFile 'C:/Program Files/Epic Games/UE_4.27/FeaturePacks/TP_VehicleAdv.upack' (chunk index -1, root 'root:/') mounted
[2023.10.25-15.14.43:783][  0]LogShaderLibrary: Display: ShaderCodeLibraryPakFileMountedCallback: pending pak file info (ChunkID:-1 Root:root:/ File:C:/Program Files/Epic Games/UE_4.27/FeaturePacks/TP_VehicleAdv.upack)
[2023.10.25-15.14.43:783][  0]LogPakFile: OnPakFileMounted2Time == 0.000037
[2023.10.25-15.14.43:784][  0]LogPakFile: PakFile PrimaryIndexSize=188
[2023.10.25-15.14.43:784][  0]LogPakFile: PakFile PathHashIndexSize=101
[2023.10.25-15.14.43:784][  0]LogPakFile: PakFile FullDirectoryIndexSize=150
[2023.10.25-15.14.43:784][  0]LogShaderLibrary: Display: ShaderCodeLibraryPakFileMountedCallback: PakFile 'C:/Program Files/Epic Games/UE_4.27/FeaturePacks/TP_VehicleAdvBP.upack' (chunk index -1, root 'root:/') mounted
[2023.10.25-15.14.43:784][  0]LogShaderLibrary: Display: ShaderCodeLibraryPakFileMountedCallback: pending pak file info (ChunkID:-1 Root:root:/ File:C:/Program Files/Epic Games/UE_4.27/FeaturePacks/TP_VehicleAdvBP.upack)
[2023.10.25-15.14.43:784][  0]LogPakFile: OnPakFileMounted2Time == 0.000037
[2023.10.25-15.14.43:785][  0]LogPakFile: PakFile PrimaryIndexSize=185
[2023.10.25-15.14.43:785][  0]LogPakFile: PakFile PathHashIndexSize=101
[2023.10.25-15.14.43:785][  0]LogPakFile: PakFile FullDirectoryIndexSize=144
[2023.10.25-15.14.43:785][  0]LogShaderLibrary: Display: ShaderCodeLibraryPakFileMountedCallback: PakFile 'C:/Program Files/Epic Games/UE_4.27/FeaturePacks/TP_VehicleBP.upack' (chunk index -1, root 'root:/') mounted
[2023.10.25-15.14.43:785][  0]LogShaderLibrary: Display: ShaderCodeLibraryPakFileMountedCallback: pending pak file info (ChunkID:-1 Root:root:/ File:C:/Program Files/Epic Games/UE_4.27/FeaturePacks/TP_VehicleBP.upack)
[2023.10.25-15.14.43:785][  0]LogPakFile: OnPakFileMounted2Time == 0.000053
[2023.10.25-15.14.43:785][  0]LogPakFile: PakFile PrimaryIndexSize=192
[2023.10.25-15.14.43:785][  0]LogPakFile: PakFile PathHashIndexSize=101
[2023.10.25-15.14.43:785][  0]LogPakFile: PakFile FullDirectoryIndexSize=158
[2023.10.25-15.14.43:785][  0]LogShaderLibrary: Display: ShaderCodeLibraryPakFileMountedCallback: PakFile 'C:/Program Files/Epic Games/UE_4.27/FeaturePacks/TP_VirtualRealityBP.upack' (chunk index -1, root 'root:/') mounted
[2023.10.25-15.14.43:785][  0]LogShaderLibrary: Display: ShaderCodeLibraryPakFileMountedCallback: pending pak file info (ChunkID:-1 Root:root:/ File:C:/Program Files/Epic Games/UE_4.27/FeaturePacks/TP_VirtualRealityBP.upack)
[2023.10.25-15.14.43:786][  0]LogPakFile: OnPakFileMounted2Time == 0.000043
[2023.10.25-15.14.43:837][  0]LogNativeClassHierarchy: Verbose: Native class hierarchy updated for 'AddContentDialog' in 0.0003 seconds. Added 0 classes and 0 folders.
[2023.10.25-15.14.43:838][  0]LogNativeClassHierarchy: Verbose: Native class hierarchy updated for 'SceneOutliner' in 0.0002 seconds. Added 2 classes and 0 folders.
[2023.10.25-15.14.43:865][  0]LogSlate: Took 0.000155 seconds to synchronously load lazily loaded font '../../../Engine/Content/Slate/Fonts/Roboto-Regular.ttf' (155K)
[2023.10.25-15.14.43:866][  0]LogSlate: Took 0.000127 seconds to synchronously load lazily loaded font '../../../Engine/Content/Editor/Slate/Fonts/FontAwesome.ttf' (139K)
[2023.10.25-15.14.43:869][  0]LogSlate: Took 0.000139 seconds to synchronously load lazily loaded font '../../../Engine/Content/Slate/Fonts/Roboto-Bold.ttf' (160K)
[2023.10.25-15.14.43:950][  0]LogRenderer: Reallocating scene render targets to support 1392x568 Format 10 NumSamples 1 (Frame:1).
[2023.10.25-15.14.43:999][  0]LogSlate: Took 0.000218 seconds to synchronously load lazily loaded font '../../../Engine/Content/Slate/Fonts/Roboto-Light.ttf' (167K)
[2023.10.25-15.14.44:050][  0]LogNativeClassHierarchy: Verbose: Native class hierarchy updated for 'HierarchicalLODOutliner' in 0.0004 seconds. Added 0 classes and 0 folders.
[2023.10.25-15.14.44:051][  0]LogLoad: (Engine Initialization) Total time: 9.14 seconds
[2023.10.25-15.14.44:051][  0]LogLoad: (Engine Initialization) Total Blueprint compile time: 0.00 seconds
[2023.10.25-15.14.44:107][  0]LogAssetRegistry: Asset discovery search completed in 5.4700 seconds
[2023.10.25-15.14.44:113][  0]LogCollectionManager: Fixed up redirectors for 0 collections in 0.000004 seconds (updated 0 objects)
[2023.10.25-15.14.44:114][  0]LogContentStreaming: Texture pool size now 1000 MB
[2023.10.25-15.15.47:361][189]LogEditorViewport: Clicking on Actor (context menu): Walls_C (Walls)
[2023.10.25-15.15.48:095][268]LogEditorViewport: Clicking on Actor (LMB): Walls_C (Walls)
[2023.10.25-15.15.48:699][338]LogEditorViewport: Clicking on Actor (LMB): StaticMeshActor (Floor)
[2023.10.25-15.16.50:648][374]LogAudioMixer: Warning: Changing default audio render device to new device: {0.0.0.00000000}.{fd491f42-c2d0-4fd5-9f4b-65bce81b5054}.
[2023.10.25-15.16.50:652][374]LogAudioMixer: Resetting audio stream to device id 
[2023.10.25-15.16.50:676][374]LogAudioMixer: Display: 0: FrontLeft
[2023.10.25-15.16.50:676][374]LogAudioMixer: Display: 1: FrontRight
[2023.10.25-15.34.11:711][104]LogSlate: Took 0.000301 seconds to synchronously load lazily loaded font '../../../Engine/Content/Slate/Fonts/Roboto-Italic.ttf' (157K)
[2023.10.25-15.34.26:359][856]LogSlate: Took 0.000221 seconds to synchronously load lazily loaded font '../../../Engine/Content/Slate/Fonts/Roboto-Light.ttf' (167K)
[2023.10.25-15.34.26:377][856]LogAssetEditorSubsystem: Opening Asset editor for Blueprint /ExperimentPlugin/VR_EXP.VR_EXP
[2023.10.25-15.34.26:592][856]LogNativeClassHierarchy: Verbose: Native class hierarchy updated for 'BlueprintGraph' in 0.0007 seconds. Added 126 classes and 0 folders.
[2023.10.25-15.34.27:553][856]LogSlate: Took 0.000243 seconds to synchronously load lazily loaded font '../../../Engine/Content/Slate/Fonts/Roboto-BoldCondensed.ttf' (158K)
